{"/home/ricardo/projects/ignite/node/ignite-template-tests-challenge/src/modules/users/useCases/authenticateUser/AuthenticateUserUseCase.spec.ts":{"path":"/home/ricardo/projects/ignite/node/ignite-template-tests-challenge/src/modules/users/useCases/authenticateUser/AuthenticateUserUseCase.spec.ts","statementMap":{"0":{"start":{"line":2,"column":16},"end":{"line":10,"column":1}},"1":{"start":{"line":3,"column":28},"end":{"line":3,"column":110}},"2":{"start":{"line":3,"column":91},"end":{"line":3,"column":106}},"3":{"start":{"line":4,"column":4},"end":{"line":9,"column":7}},"4":{"start":{"line":5,"column":36},"end":{"line":5,"column":97}},"5":{"start":{"line":5,"column":42},"end":{"line":5,"column":70}},"6":{"start":{"line":5,"column":85},"end":{"line":5,"column":95}},"7":{"start":{"line":6,"column":35},"end":{"line":6,"column":100}},"8":{"start":{"line":6,"column":41},"end":{"line":6,"column":73}},"9":{"start":{"line":6,"column":88},"end":{"line":6,"column":98}},"10":{"start":{"line":7,"column":32},"end":{"line":7,"column":116}},"11":{"start":{"line":8,"column":8},"end":{"line":8,"column":78}},"12":{"start":{"line":11,"column":18},"end":{"line":37,"column":1}},"13":{"start":{"line":12,"column":12},"end":{"line":12,"column":104}},"14":{"start":{"line":12,"column":43},"end":{"line":12,"column":68}},"15":{"start":{"line":12,"column":57},"end":{"line":12,"column":68}},"16":{"start":{"line":12,"column":69},"end":{"line":12,"column":81}},"17":{"start":{"line":13,"column":4},"end":{"line":13,"column":157}},"18":{"start":{"line":13,"column":138},"end":{"line":13,"column":150}},"19":{"start":{"line":14,"column":23},"end":{"line":14,"column":68}},"20":{"start":{"line":14,"column":45},"end":{"line":14,"column":65}},"21":{"start":{"line":16,"column":8},"end":{"line":16,"column":70}},"22":{"start":{"line":16,"column":15},"end":{"line":16,"column":70}},"23":{"start":{"line":17,"column":8},"end":{"line":34,"column":66}},"24":{"start":{"line":17,"column":18},"end":{"line":34,"column":66}},"25":{"start":{"line":18,"column":12},"end":{"line":18,"column":169}},"26":{"start":{"line":18,"column":160},"end":{"line":18,"column":169}},"27":{"start":{"line":19,"column":12},"end":{"line":19,"column":52}},"28":{"start":{"line":19,"column":26},"end":{"line":19,"column":52}},"29":{"start":{"line":20,"column":12},"end":{"line":32,"column":13}},"30":{"start":{"line":21,"column":32},"end":{"line":21,"column":39}},"31":{"start":{"line":21,"column":40},"end":{"line":21,"column":46}},"32":{"start":{"line":22,"column":24},"end":{"line":22,"column":34}},"33":{"start":{"line":22,"column":35},"end":{"line":22,"column":72}},"34":{"start":{"line":23,"column":24},"end":{"line":23,"column":34}},"35":{"start":{"line":23,"column":35},"end":{"line":23,"column":45}},"36":{"start":{"line":23,"column":46},"end":{"line":23,"column":55}},"37":{"start":{"line":23,"column":56},"end":{"line":23,"column":65}},"38":{"start":{"line":24,"column":24},"end":{"line":24,"column":41}},"39":{"start":{"line":24,"column":42},"end":{"line":24,"column":55}},"40":{"start":{"line":24,"column":56},"end":{"line":24,"column":65}},"41":{"start":{"line":26,"column":20},"end":{"line":26,"column":128}},"42":{"start":{"line":26,"column":110},"end":{"line":26,"column":116}},"43":{"start":{"line":26,"column":117},"end":{"line":26,"column":126}},"44":{"start":{"line":27,"column":20},"end":{"line":27,"column":106}},"45":{"start":{"line":27,"column":81},"end":{"line":27,"column":97}},"46":{"start":{"line":27,"column":98},"end":{"line":27,"column":104}},"47":{"start":{"line":28,"column":20},"end":{"line":28,"column":89}},"48":{"start":{"line":28,"column":57},"end":{"line":28,"column":72}},"49":{"start":{"line":28,"column":73},"end":{"line":28,"column":80}},"50":{"start":{"line":28,"column":81},"end":{"line":28,"column":87}},"51":{"start":{"line":29,"column":20},"end":{"line":29,"column":87}},"52":{"start":{"line":29,"column":47},"end":{"line":29,"column":62}},"53":{"start":{"line":29,"column":63},"end":{"line":29,"column":78}},"54":{"start":{"line":29,"column":79},"end":{"line":29,"column":85}},"55":{"start":{"line":30,"column":20},"end":{"line":30,"column":42}},"56":{"start":{"line":30,"column":30},"end":{"line":30,"column":42}},"57":{"start":{"line":31,"column":20},"end":{"line":31,"column":33}},"58":{"start":{"line":31,"column":34},"end":{"line":31,"column":43}},"59":{"start":{"line":33,"column":12},"end":{"line":33,"column":39}},"60":{"start":{"line":34,"column":22},"end":{"line":34,"column":34}},"61":{"start":{"line":34,"column":35},"end":{"line":34,"column":41}},"62":{"start":{"line":34,"column":54},"end":{"line":34,"column":64}},"63":{"start":{"line":35,"column":8},"end":{"line":35,"column":35}},"64":{"start":{"line":35,"column":23},"end":{"line":35,"column":35}},"65":{"start":{"line":35,"column":36},"end":{"line":35,"column":89}},"66":{"start":{"line":38,"column":0},"end":{"line":38,"column":62}},"67":{"start":{"line":39,"column":14},"end":{"line":39,"column":30}},"68":{"start":{"line":40,"column":32},"end":{"line":40,"column":95}},"69":{"start":{"line":41,"column":26},"end":{"line":41,"column":68}},"70":{"start":{"line":44,"column":0},"end":{"line":59,"column":3}},"71":{"start":{"line":45,"column":4},"end":{"line":48,"column":7}},"72":{"start":{"line":46,"column":8},"end":{"line":46,"column":90}},"73":{"start":{"line":47,"column":8},"end":{"line":47,"column":95}},"74":{"start":{"line":49,"column":4},"end":{"line":53,"column":11}},"75":{"start":{"line":49,"column":77},"end":{"line":53,"column":7}},"76":{"start":{"line":50,"column":8},"end":{"line":52,"column":11}},"77":{"start":{"line":51,"column":12},"end":{"line":51,"column":34}},"78":{"start":{"line":54,"column":4},"end":{"line":58,"column":11}},"79":{"start":{"line":54,"column":86},"end":{"line":58,"column":7}},"80":{"start":{"line":55,"column":8},"end":{"line":57,"column":11}},"81":{"start":{"line":56,"column":12},"end":{"line":56,"column":34}}},"fnMap":{"0":{"name":"(anonymous_0)","decl":{"start":{"line":2,"column":44},"end":{"line":2,"column":45}},"loc":{"start":{"line":2,"column":89},"end":{"line":10,"column":1}},"line":2},"1":{"name":"adopt","decl":{"start":{"line":3,"column":13},"end":{"line":3,"column":18}},"loc":{"start":{"line":3,"column":26},"end":{"line":3,"column":112}},"line":3},"2":{"name":"(anonymous_2)","decl":{"start":{"line":3,"column":70},"end":{"line":3,"column":71}},"loc":{"start":{"line":3,"column":89},"end":{"line":3,"column":108}},"line":3},"3":{"name":"(anonymous_3)","decl":{"start":{"line":4,"column":36},"end":{"line":4,"column":37}},"loc":{"start":{"line":4,"column":63},"end":{"line":9,"column":5}},"line":4},"4":{"name":"fulfilled","decl":{"start":{"line":5,"column":17},"end":{"line":5,"column":26}},"loc":{"start":{"line":5,"column":34},"end":{"line":5,"column":99}},"line":5},"5":{"name":"rejected","decl":{"start":{"line":6,"column":17},"end":{"line":6,"column":25}},"loc":{"start":{"line":6,"column":33},"end":{"line":6,"column":102}},"line":6},"6":{"name":"step","decl":{"start":{"line":7,"column":17},"end":{"line":7,"column":21}},"loc":{"start":{"line":7,"column":30},"end":{"line":7,"column":118}},"line":7},"7":{"name":"(anonymous_7)","decl":{"start":{"line":11,"column":48},"end":{"line":11,"column":49}},"loc":{"start":{"line":11,"column":73},"end":{"line":37,"column":1}},"line":11},"8":{"name":"(anonymous_8)","decl":{"start":{"line":12,"column":30},"end":{"line":12,"column":31}},"loc":{"start":{"line":12,"column":41},"end":{"line":12,"column":83}},"line":12},"9":{"name":"(anonymous_9)","decl":{"start":{"line":13,"column":125},"end":{"line":13,"column":126}},"loc":{"start":{"line":13,"column":136},"end":{"line":13,"column":152}},"line":13},"10":{"name":"verb","decl":{"start":{"line":14,"column":13},"end":{"line":14,"column":17}},"loc":{"start":{"line":14,"column":21},"end":{"line":14,"column":70}},"line":14},"11":{"name":"(anonymous_11)","decl":{"start":{"line":14,"column":30},"end":{"line":14,"column":31}},"loc":{"start":{"line":14,"column":43},"end":{"line":14,"column":67}},"line":14},"12":{"name":"step","decl":{"start":{"line":15,"column":13},"end":{"line":15,"column":17}},"loc":{"start":{"line":15,"column":22},"end":{"line":36,"column":5}},"line":15},"13":{"name":"(anonymous_13)","decl":{"start":{"line":44,"column":47},"end":{"line":44,"column":48}},"loc":{"start":{"line":44,"column":59},"end":{"line":59,"column":1}},"line":44},"14":{"name":"(anonymous_14)","decl":{"start":{"line":45,"column":15},"end":{"line":45,"column":16}},"loc":{"start":{"line":45,"column":27},"end":{"line":48,"column":5}},"line":45},"15":{"name":"(anonymous_15)","decl":{"start":{"line":49,"column":63},"end":{"line":49,"column":64}},"loc":{"start":{"line":49,"column":75},"end":{"line":53,"column":9}},"line":49},"16":{"name":"(anonymous_16)","decl":{"start":{"line":49,"column":118},"end":{"line":49,"column":119}},"loc":{"start":{"line":49,"column":130},"end":{"line":53,"column":5}},"line":49},"17":{"name":"(anonymous_17)","decl":{"start":{"line":50,"column":33},"end":{"line":50,"column":34}},"loc":{"start":{"line":50,"column":47},"end":{"line":52,"column":9}},"line":50},"18":{"name":"(anonymous_18)","decl":{"start":{"line":54,"column":72},"end":{"line":54,"column":73}},"loc":{"start":{"line":54,"column":84},"end":{"line":58,"column":9}},"line":54},"19":{"name":"(anonymous_19)","decl":{"start":{"line":54,"column":127},"end":{"line":54,"column":128}},"loc":{"start":{"line":54,"column":139},"end":{"line":58,"column":5}},"line":54},"20":{"name":"(anonymous_20)","decl":{"start":{"line":55,"column":33},"end":{"line":55,"column":34}},"loc":{"start":{"line":55,"column":47},"end":{"line":57,"column":9}},"line":55}},"branchMap":{"0":{"loc":{"start":{"line":2,"column":16},"end":{"line":10,"column":1}},"type":"binary-expr","locations":[{"start":{"line":2,"column":17},"end":{"line":2,"column":21}},{"start":{"line":2,"column":25},"end":{"line":2,"column":39}},{"start":{"line":2,"column":44},"end":{"line":10,"column":1}}],"line":2},"1":{"loc":{"start":{"line":3,"column":35},"end":{"line":3,"column":109}},"type":"cond-expr","locations":[{"start":{"line":3,"column":56},"end":{"line":3,"column":61}},{"start":{"line":3,"column":64},"end":{"line":3,"column":109}}],"line":3},"2":{"loc":{"start":{"line":4,"column":16},"end":{"line":4,"column":34}},"type":"binary-expr","locations":[{"start":{"line":4,"column":16},"end":{"line":4,"column":17}},{"start":{"line":4,"column":22},"end":{"line":4,"column":33}}],"line":4},"3":{"loc":{"start":{"line":7,"column":32},"end":{"line":7,"column":115}},"type":"cond-expr","locations":[{"start":{"line":7,"column":46},"end":{"line":7,"column":67}},{"start":{"line":7,"column":70},"end":{"line":7,"column":115}}],"line":7},"4":{"loc":{"start":{"line":8,"column":51},"end":{"line":8,"column":67}},"type":"binary-expr","locations":[{"start":{"line":8,"column":51},"end":{"line":8,"column":61}},{"start":{"line":8,"column":65},"end":{"line":8,"column":67}}],"line":8},"5":{"loc":{"start":{"line":11,"column":18},"end":{"line":37,"column":1}},"type":"binary-expr","locations":[{"start":{"line":11,"column":19},"end":{"line":11,"column":23}},{"start":{"line":11,"column":27},"end":{"line":11,"column":43}},{"start":{"line":11,"column":48},"end":{"line":37,"column":1}}],"line":11},"6":{"loc":{"start":{"line":12,"column":43},"end":{"line":12,"column":68}},"type":"if","locations":[{"start":{"line":12,"column":43},"end":{"line":12,"column":68}},{"start":{"line":12,"column":43},"end":{"line":12,"column":68}}],"line":12},"7":{"loc":{"start":{"line":13,"column":71},"end":{"line":13,"column":153}},"type":"binary-expr","locations":[{"start":{"line":13,"column":71},"end":{"line":13,"column":99}},{"start":{"line":13,"column":104},"end":{"line":13,"column":152}}],"line":13},"8":{"loc":{"start":{"line":16,"column":8},"end":{"line":16,"column":70}},"type":"if","locations":[{"start":{"line":16,"column":8},"end":{"line":16,"column":70}},{"start":{"line":16,"column":8},"end":{"line":16,"column":70}}],"line":16},"9":{"loc":{"start":{"line":18,"column":12},"end":{"line":18,"column":169}},"type":"if","locations":[{"start":{"line":18,"column":12},"end":{"line":18,"column":169}},{"start":{"line":18,"column":12},"end":{"line":18,"column":169}}],"line":18},"10":{"loc":{"start":{"line":18,"column":23},"end":{"line":18,"column":158}},"type":"binary-expr","locations":[{"start":{"line":18,"column":23},"end":{"line":18,"column":24}},{"start":{"line":18,"column":29},"end":{"line":18,"column":125}},{"start":{"line":18,"column":130},"end":{"line":18,"column":158}}],"line":18},"11":{"loc":{"start":{"line":18,"column":33},"end":{"line":18,"column":125}},"type":"cond-expr","locations":[{"start":{"line":18,"column":45},"end":{"line":18,"column":56}},{"start":{"line":18,"column":59},"end":{"line":18,"column":125}}],"line":18},"12":{"loc":{"start":{"line":18,"column":59},"end":{"line":18,"column":125}},"type":"cond-expr","locations":[{"start":{"line":18,"column":67},"end":{"line":18,"column":116}},{"start":{"line":18,"column":119},"end":{"line":18,"column":125}}],"line":18},"13":{"loc":{"start":{"line":18,"column":67},"end":{"line":18,"column":116}},"type":"binary-expr","locations":[{"start":{"line":18,"column":67},"end":{"line":18,"column":77}},{"start":{"line":18,"column":82},"end":{"line":18,"column":115}}],"line":18},"14":{"loc":{"start":{"line":18,"column":82},"end":{"line":18,"column":112}},"type":"binary-expr","locations":[{"start":{"line":18,"column":83},"end":{"line":18,"column":98}},{"start":{"line":18,"column":103},"end":{"line":18,"column":112}}],"line":18},"15":{"loc":{"start":{"line":19,"column":12},"end":{"line":19,"column":52}},"type":"if","locations":[{"start":{"line":19,"column":12},"end":{"line":19,"column":52}},{"start":{"line":19,"column":12},"end":{"line":19,"column":52}}],"line":19},"16":{"loc":{"start":{"line":20,"column":12},"end":{"line":32,"column":13}},"type":"switch","locations":[{"start":{"line":21,"column":16},"end":{"line":21,"column":23}},{"start":{"line":21,"column":24},"end":{"line":21,"column":46}},{"start":{"line":22,"column":16},"end":{"line":22,"column":72}},{"start":{"line":23,"column":16},"end":{"line":23,"column":65}},{"start":{"line":24,"column":16},"end":{"line":24,"column":65}},{"start":{"line":25,"column":16},"end":{"line":31,"column":43}}],"line":20},"17":{"loc":{"start":{"line":26,"column":20},"end":{"line":26,"column":128}},"type":"if","locations":[{"start":{"line":26,"column":20},"end":{"line":26,"column":128}},{"start":{"line":26,"column":20},"end":{"line":26,"column":128}}],"line":26},"18":{"loc":{"start":{"line":26,"column":24},"end":{"line":26,"column":106}},"type":"binary-expr","locations":[{"start":{"line":26,"column":24},"end":{"line":26,"column":74}},{"start":{"line":26,"column":79},"end":{"line":26,"column":90}},{"start":{"line":26,"column":94},"end":{"line":26,"column":105}}],"line":26},"19":{"loc":{"start":{"line":26,"column":42},"end":{"line":26,"column":73}},"type":"binary-expr","locations":[{"start":{"line":26,"column":42},"end":{"line":26,"column":54}},{"start":{"line":26,"column":58},"end":{"line":26,"column":73}}],"line":26},"20":{"loc":{"start":{"line":27,"column":20},"end":{"line":27,"column":106}},"type":"if","locations":[{"start":{"line":27,"column":20},"end":{"line":27,"column":106}},{"start":{"line":27,"column":20},"end":{"line":27,"column":106}}],"line":27},"21":{"loc":{"start":{"line":27,"column":24},"end":{"line":27,"column":77}},"type":"binary-expr","locations":[{"start":{"line":27,"column":24},"end":{"line":27,"column":35}},{"start":{"line":27,"column":40},"end":{"line":27,"column":42}},{"start":{"line":27,"column":47},"end":{"line":27,"column":59}},{"start":{"line":27,"column":63},"end":{"line":27,"column":75}}],"line":27},"22":{"loc":{"start":{"line":28,"column":20},"end":{"line":28,"column":89}},"type":"if","locations":[{"start":{"line":28,"column":20},"end":{"line":28,"column":89}},{"start":{"line":28,"column":20},"end":{"line":28,"column":89}}],"line":28},"23":{"loc":{"start":{"line":28,"column":24},"end":{"line":28,"column":53}},"type":"binary-expr","locations":[{"start":{"line":28,"column":24},"end":{"line":28,"column":35}},{"start":{"line":28,"column":39},"end":{"line":28,"column":53}}],"line":28},"24":{"loc":{"start":{"line":29,"column":20},"end":{"line":29,"column":87}},"type":"if","locations":[{"start":{"line":29,"column":20},"end":{"line":29,"column":87}},{"start":{"line":29,"column":20},"end":{"line":29,"column":87}}],"line":29},"25":{"loc":{"start":{"line":29,"column":24},"end":{"line":29,"column":43}},"type":"binary-expr","locations":[{"start":{"line":29,"column":24},"end":{"line":29,"column":25}},{"start":{"line":29,"column":29},"end":{"line":29,"column":43}}],"line":29},"26":{"loc":{"start":{"line":30,"column":20},"end":{"line":30,"column":42}},"type":"if","locations":[{"start":{"line":30,"column":20},"end":{"line":30,"column":42}},{"start":{"line":30,"column":20},"end":{"line":30,"column":42}}],"line":30},"27":{"loc":{"start":{"line":35,"column":8},"end":{"line":35,"column":35}},"type":"if","locations":[{"start":{"line":35,"column":8},"end":{"line":35,"column":35}},{"start":{"line":35,"column":8},"end":{"line":35,"column":35}}],"line":35},"28":{"loc":{"start":{"line":35,"column":52},"end":{"line":35,"column":74}},"type":"cond-expr","locations":[{"start":{"line":35,"column":60},"end":{"line":35,"column":65}},{"start":{"line":35,"column":68},"end":{"line":35,"column":74}}],"line":35}},"s":{"0":1,"1":0,"2":0,"3":1,"4":0,"5":0,"6":0,"7":0,"8":0,"9":0,"10":1,"11":1,"12":1,"13":1,"14":0,"15":0,"16":0,"17":1,"18":0,"19":3,"20":1,"21":1,"22":0,"23":1,"24":2,"25":2,"26":0,"27":2,"28":0,"29":2,"30":1,"31":1,"32":0,"33":0,"34":0,"35":0,"36":0,"37":0,"38":0,"39":0,"40":0,"41":1,"42":1,"43":1,"44":0,"45":0,"46":0,"47":0,"48":0,"49":0,"50":0,"51":0,"52":0,"53":0,"54":0,"55":0,"56":0,"57":0,"58":0,"59":1,"60":0,"61":0,"62":2,"63":1,"64":0,"65":1,"66":1,"67":1,"68":1,"69":1,"70":1,"71":1,"72":1,"73":1,"74":1,"75":1,"76":1,"77":1,"78":1,"79":0,"80":0,"81":0},"f":{"0":1,"1":0,"2":0,"3":1,"4":0,"5":0,"6":1,"7":1,"8":0,"9":0,"10":3,"11":1,"12":1,"13":1,"14":1,"15":1,"16":1,"17":1,"18":0,"19":0,"20":0},"b":{"0":[1,1,1],"1":[0,0],"2":[1,1],"3":[1,0],"4":[1,1],"5":[1,1,1],"6":[0,0],"7":[1,1],"8":[0,1],"9":[0,2],"10":[2,0,0],"11":[0,0],"12":[0,0],"13":[0,0],"14":[0,0],"15":[0,2],"16":[1,1,0,0,0,1],"17":[1,0],"18":[1,1,1],"19":[1,0],"20":[0,0],"21":[0,0,0,0],"22":[0,0],"23":[0,0],"24":[0,0],"25":[0,0],"26":[0,0],"27":[0,1],"28":[1,0]},"inputSourceMap":{"version":3,"file":"/home/ricardo/projects/ignite/node/ignite-template-tests-challenge/src/modules/users/useCases/authenticateUser/AuthenticateUserUseCase.spec.ts","sources":["/home/ricardo/projects/ignite/node/ignite-template-tests-challenge/src/modules/users/useCases/authenticateUser/AuthenticateUserUseCase.spec.ts"],"names":[],"mappings":";;;;;;;;;;;;;;;;;;;;;;;;;;;;;;;;;;;;;;AAAA,+BAAoC;AAKpC,gGAA+F;AAC/F,qEAAoE;AAGpE,IAAI,iBAAoC,CAAC;AACzC,IAAI,uBAAgD,CAAC;AAErD,IAAA,gBAAQ,EAAC,uBAAuB,EAAE;IAChC,UAAU,CAAC;QACT,uBAAuB,GAAG,IAAI,iDAAuB,EAAE,CAAC;QACxD,iBAAiB,GAAG,IAAI,qCAAiB,CACvC,uBAAuB,CACxB,CAAC;IACJ,CAAC,CAAC,CAAC;IAEH,IAAA,UAAE,EAAC,yCAAyC,EAAE;;;;SAgB7C,CAAC,CAAC;IAEH,GAAG,CAAC,8DAA8D,EAAE;;;;SAiBnE,CAAC,CAAC;AACL,CAAC,CAAC,CAAC","sourcesContent":["import { describe, it } from 'mocha'\nimport request from 'supertest'\nimport { app } from '../../../../app'\nimport { deepStrictEqual } from 'assert'\n\nimport { InMemoryUsersRepository } from \"../../repositories/in-memory/InMemoryUsersRepository\";\nimport { CreateUserUseCase } from \"../createUser/CreateUserUseCase\";\nimport { AppError } from \"../../../../shared/errors/AppError\";\n\nlet createUserUseCase: CreateUserUseCase;\nlet inMemoryUsersRepository: InMemoryUsersRepository;\n\ndescribe(\"CreateCategoryUseCase\", () => {\n  beforeEach(() => {\n    inMemoryUsersRepository = new InMemoryUsersRepository();\n    createUserUseCase = new CreateUserUseCase(\n      inMemoryUsersRepository\n    );\n  });\n\n  it(\"should be able to create a new category\", async () => {\n    // const category = {\n    //   name: \"Category Test\",\n    //   description: \"Category description test\",\n    // };\n\n    // await createCategoryUseCase.execute({\n    //   name: category.name,\n    //   description: category.description,\n    // });\n\n    // const categoryCreated = await categoriesRepositoryInMemory.findByName(\n    //   category.name\n    // );\n\n    // expect(categoryCreated).toHaveProperty(\"id\");\n  });\n\n  xit(\"should not be able to create a new category with name exists\", async () => {\n    // const category = {\n    //   name: \"Category Test\",\n    //   description: \"Category description Test\",\n    // };\n\n    // await createCategoryUseCase.execute({\n    //   name: category.name,\n    //   description: category.description,\n    // });\n\n    // await expect(\n    //   createCategoryUseCase.execute({\n    //     name: category.name,\n    //     description: category.description,\n    //   })\n    // ).rejects.toEqual(new AppError(\"Category already exists!\"));\n  });\n});\n"]},"_coverageSchema":"1a1c01bbd47fc00a2c39e90264f33305004495a9","hash":"5bda20726d70f6226d656c700e47f86294aad84e","contentHash":"1b592aa6c0413bbcae997f0e3ed94581a2a7d143c943cda5cc5b8ffba5b6a81e"},"/home/ricardo/projects/ignite/node/ignite-template-tests-challenge/src/modules/users/repositories/in-memory/InMemoryUsersRepository.ts":{"path":"/home/ricardo/projects/ignite/node/ignite-template-tests-challenge/src/modules/users/repositories/in-memory/InMemoryUsersRepository.ts","statementMap":{"0":{"start":{"line":2,"column":16},"end":{"line":10,"column":1}},"1":{"start":{"line":3,"column":28},"end":{"line":3,"column":110}},"2":{"start":{"line":3,"column":91},"end":{"line":3,"column":106}},"3":{"start":{"line":4,"column":4},"end":{"line":9,"column":7}},"4":{"start":{"line":5,"column":36},"end":{"line":5,"column":97}},"5":{"start":{"line":5,"column":42},"end":{"line":5,"column":70}},"6":{"start":{"line":5,"column":85},"end":{"line":5,"column":95}},"7":{"start":{"line":6,"column":35},"end":{"line":6,"column":100}},"8":{"start":{"line":6,"column":41},"end":{"line":6,"column":73}},"9":{"start":{"line":6,"column":88},"end":{"line":6,"column":98}},"10":{"start":{"line":7,"column":32},"end":{"line":7,"column":116}},"11":{"start":{"line":8,"column":8},"end":{"line":8,"column":78}},"12":{"start":{"line":11,"column":18},"end":{"line":37,"column":1}},"13":{"start":{"line":12,"column":12},"end":{"line":12,"column":104}},"14":{"start":{"line":12,"column":43},"end":{"line":12,"column":68}},"15":{"start":{"line":12,"column":57},"end":{"line":12,"column":68}},"16":{"start":{"line":12,"column":69},"end":{"line":12,"column":81}},"17":{"start":{"line":13,"column":4},"end":{"line":13,"column":157}},"18":{"start":{"line":13,"column":138},"end":{"line":13,"column":150}},"19":{"start":{"line":14,"column":23},"end":{"line":14,"column":68}},"20":{"start":{"line":14,"column":45},"end":{"line":14,"column":65}},"21":{"start":{"line":16,"column":8},"end":{"line":16,"column":70}},"22":{"start":{"line":16,"column":15},"end":{"line":16,"column":70}},"23":{"start":{"line":17,"column":8},"end":{"line":34,"column":66}},"24":{"start":{"line":17,"column":18},"end":{"line":34,"column":66}},"25":{"start":{"line":18,"column":12},"end":{"line":18,"column":169}},"26":{"start":{"line":18,"column":160},"end":{"line":18,"column":169}},"27":{"start":{"line":19,"column":12},"end":{"line":19,"column":52}},"28":{"start":{"line":19,"column":26},"end":{"line":19,"column":52}},"29":{"start":{"line":20,"column":12},"end":{"line":32,"column":13}},"30":{"start":{"line":21,"column":32},"end":{"line":21,"column":39}},"31":{"start":{"line":21,"column":40},"end":{"line":21,"column":46}},"32":{"start":{"line":22,"column":24},"end":{"line":22,"column":34}},"33":{"start":{"line":22,"column":35},"end":{"line":22,"column":72}},"34":{"start":{"line":23,"column":24},"end":{"line":23,"column":34}},"35":{"start":{"line":23,"column":35},"end":{"line":23,"column":45}},"36":{"start":{"line":23,"column":46},"end":{"line":23,"column":55}},"37":{"start":{"line":23,"column":56},"end":{"line":23,"column":65}},"38":{"start":{"line":24,"column":24},"end":{"line":24,"column":41}},"39":{"start":{"line":24,"column":42},"end":{"line":24,"column":55}},"40":{"start":{"line":24,"column":56},"end":{"line":24,"column":65}},"41":{"start":{"line":26,"column":20},"end":{"line":26,"column":128}},"42":{"start":{"line":26,"column":110},"end":{"line":26,"column":116}},"43":{"start":{"line":26,"column":117},"end":{"line":26,"column":126}},"44":{"start":{"line":27,"column":20},"end":{"line":27,"column":106}},"45":{"start":{"line":27,"column":81},"end":{"line":27,"column":97}},"46":{"start":{"line":27,"column":98},"end":{"line":27,"column":104}},"47":{"start":{"line":28,"column":20},"end":{"line":28,"column":89}},"48":{"start":{"line":28,"column":57},"end":{"line":28,"column":72}},"49":{"start":{"line":28,"column":73},"end":{"line":28,"column":80}},"50":{"start":{"line":28,"column":81},"end":{"line":28,"column":87}},"51":{"start":{"line":29,"column":20},"end":{"line":29,"column":87}},"52":{"start":{"line":29,"column":47},"end":{"line":29,"column":62}},"53":{"start":{"line":29,"column":63},"end":{"line":29,"column":78}},"54":{"start":{"line":29,"column":79},"end":{"line":29,"column":85}},"55":{"start":{"line":30,"column":20},"end":{"line":30,"column":42}},"56":{"start":{"line":30,"column":30},"end":{"line":30,"column":42}},"57":{"start":{"line":31,"column":20},"end":{"line":31,"column":33}},"58":{"start":{"line":31,"column":34},"end":{"line":31,"column":43}},"59":{"start":{"line":33,"column":12},"end":{"line":33,"column":39}},"60":{"start":{"line":34,"column":22},"end":{"line":34,"column":34}},"61":{"start":{"line":34,"column":35},"end":{"line":34,"column":41}},"62":{"start":{"line":34,"column":54},"end":{"line":34,"column":64}},"63":{"start":{"line":35,"column":8},"end":{"line":35,"column":35}},"64":{"start":{"line":35,"column":23},"end":{"line":35,"column":35}},"65":{"start":{"line":35,"column":36},"end":{"line":35,"column":89}},"66":{"start":{"line":38,"column":0},"end":{"line":38,"column":62}},"67":{"start":{"line":39,"column":0},"end":{"line":39,"column":41}},"68":{"start":{"line":40,"column":13},"end":{"line":40,"column":43}},"69":{"start":{"line":41,"column":45},"end":{"line":71,"column":3}},"70":{"start":{"line":43,"column":8},"end":{"line":43,"column":24}},"71":{"start":{"line":45,"column":4},"end":{"line":51,"column":6}},"72":{"start":{"line":46,"column":8},"end":{"line":50,"column":11}},"73":{"start":{"line":47,"column":12},"end":{"line":49,"column":15}},"74":{"start":{"line":48,"column":16},"end":{"line":48,"column":105}},"75":{"start":{"line":48,"column":72},"end":{"line":48,"column":100}},"76":{"start":{"line":52,"column":4},"end":{"line":58,"column":6}},"77":{"start":{"line":53,"column":8},"end":{"line":57,"column":11}},"78":{"start":{"line":54,"column":12},"end":{"line":56,"column":15}},"79":{"start":{"line":55,"column":16},"end":{"line":55,"column":104}},"80":{"start":{"line":55,"column":72},"end":{"line":55,"column":99}},"81":{"start":{"line":59,"column":4},"end":{"line":69,"column":6}},"82":{"start":{"line":60,"column":8},"end":{"line":68,"column":11}},"83":{"start":{"line":62,"column":12},"end":{"line":67,"column":15}},"84":{"start":{"line":63,"column":16},"end":{"line":63,"column":41}},"85":{"start":{"line":64,"column":16},"end":{"line":64,"column":42}},"86":{"start":{"line":65,"column":16},"end":{"line":65,"column":38}},"87":{"start":{"line":66,"column":16},"end":{"line":66,"column":44}},"88":{"start":{"line":70,"column":4},"end":{"line":70,"column":35}},"89":{"start":{"line":72,"column":0},"end":{"line":72,"column":58}}},"fnMap":{"0":{"name":"(anonymous_0)","decl":{"start":{"line":2,"column":44},"end":{"line":2,"column":45}},"loc":{"start":{"line":2,"column":89},"end":{"line":10,"column":1}},"line":2},"1":{"name":"adopt","decl":{"start":{"line":3,"column":13},"end":{"line":3,"column":18}},"loc":{"start":{"line":3,"column":26},"end":{"line":3,"column":112}},"line":3},"2":{"name":"(anonymous_2)","decl":{"start":{"line":3,"column":70},"end":{"line":3,"column":71}},"loc":{"start":{"line":3,"column":89},"end":{"line":3,"column":108}},"line":3},"3":{"name":"(anonymous_3)","decl":{"start":{"line":4,"column":36},"end":{"line":4,"column":37}},"loc":{"start":{"line":4,"column":63},"end":{"line":9,"column":5}},"line":4},"4":{"name":"fulfilled","decl":{"start":{"line":5,"column":17},"end":{"line":5,"column":26}},"loc":{"start":{"line":5,"column":34},"end":{"line":5,"column":99}},"line":5},"5":{"name":"rejected","decl":{"start":{"line":6,"column":17},"end":{"line":6,"column":25}},"loc":{"start":{"line":6,"column":33},"end":{"line":6,"column":102}},"line":6},"6":{"name":"step","decl":{"start":{"line":7,"column":17},"end":{"line":7,"column":21}},"loc":{"start":{"line":7,"column":30},"end":{"line":7,"column":118}},"line":7},"7":{"name":"(anonymous_7)","decl":{"start":{"line":11,"column":48},"end":{"line":11,"column":49}},"loc":{"start":{"line":11,"column":73},"end":{"line":37,"column":1}},"line":11},"8":{"name":"(anonymous_8)","decl":{"start":{"line":12,"column":30},"end":{"line":12,"column":31}},"loc":{"start":{"line":12,"column":41},"end":{"line":12,"column":83}},"line":12},"9":{"name":"(anonymous_9)","decl":{"start":{"line":13,"column":125},"end":{"line":13,"column":126}},"loc":{"start":{"line":13,"column":136},"end":{"line":13,"column":152}},"line":13},"10":{"name":"verb","decl":{"start":{"line":14,"column":13},"end":{"line":14,"column":17}},"loc":{"start":{"line":14,"column":21},"end":{"line":14,"column":70}},"line":14},"11":{"name":"(anonymous_11)","decl":{"start":{"line":14,"column":30},"end":{"line":14,"column":31}},"loc":{"start":{"line":14,"column":43},"end":{"line":14,"column":67}},"line":14},"12":{"name":"step","decl":{"start":{"line":15,"column":13},"end":{"line":15,"column":17}},"loc":{"start":{"line":15,"column":22},"end":{"line":36,"column":5}},"line":15},"13":{"name":"(anonymous_13)","decl":{"start":{"line":41,"column":45},"end":{"line":41,"column":46}},"loc":{"start":{"line":41,"column":57},"end":{"line":71,"column":1}},"line":41},"14":{"name":"InMemoryUsersRepository","decl":{"start":{"line":42,"column":13},"end":{"line":42,"column":36}},"loc":{"start":{"line":42,"column":39},"end":{"line":44,"column":5}},"line":42},"15":{"name":"(anonymous_15)","decl":{"start":{"line":45,"column":52},"end":{"line":45,"column":53}},"loc":{"start":{"line":45,"column":69},"end":{"line":51,"column":5}},"line":45},"16":{"name":"(anonymous_16)","decl":{"start":{"line":46,"column":48},"end":{"line":46,"column":49}},"loc":{"start":{"line":46,"column":60},"end":{"line":50,"column":9}},"line":46},"17":{"name":"(anonymous_17)","decl":{"start":{"line":47,"column":37},"end":{"line":47,"column":38}},"loc":{"start":{"line":47,"column":51},"end":{"line":49,"column":13}},"line":47},"18":{"name":"(anonymous_18)","decl":{"start":{"line":48,"column":54},"end":{"line":48,"column":55}},"loc":{"start":{"line":48,"column":70},"end":{"line":48,"column":102}},"line":48},"19":{"name":"(anonymous_19)","decl":{"start":{"line":52,"column":49},"end":{"line":52,"column":50}},"loc":{"start":{"line":52,"column":68},"end":{"line":58,"column":5}},"line":52},"20":{"name":"(anonymous_20)","decl":{"start":{"line":53,"column":48},"end":{"line":53,"column":49}},"loc":{"start":{"line":53,"column":60},"end":{"line":57,"column":9}},"line":53},"21":{"name":"(anonymous_21)","decl":{"start":{"line":54,"column":37},"end":{"line":54,"column":38}},"loc":{"start":{"line":54,"column":51},"end":{"line":56,"column":13}},"line":54},"22":{"name":"(anonymous_22)","decl":{"start":{"line":55,"column":54},"end":{"line":55,"column":55}},"loc":{"start":{"line":55,"column":70},"end":{"line":55,"column":101}},"line":55},"23":{"name":"(anonymous_23)","decl":{"start":{"line":59,"column":47},"end":{"line":59,"column":48}},"loc":{"start":{"line":59,"column":63},"end":{"line":69,"column":5}},"line":59},"24":{"name":"(anonymous_24)","decl":{"start":{"line":60,"column":48},"end":{"line":60,"column":49}},"loc":{"start":{"line":60,"column":60},"end":{"line":68,"column":9}},"line":60},"25":{"name":"(anonymous_25)","decl":{"start":{"line":62,"column":37},"end":{"line":62,"column":38}},"loc":{"start":{"line":62,"column":51},"end":{"line":67,"column":13}},"line":62}},"branchMap":{"0":{"loc":{"start":{"line":2,"column":16},"end":{"line":10,"column":1}},"type":"binary-expr","locations":[{"start":{"line":2,"column":17},"end":{"line":2,"column":21}},{"start":{"line":2,"column":25},"end":{"line":2,"column":39}},{"start":{"line":2,"column":44},"end":{"line":10,"column":1}}],"line":2},"1":{"loc":{"start":{"line":3,"column":35},"end":{"line":3,"column":109}},"type":"cond-expr","locations":[{"start":{"line":3,"column":56},"end":{"line":3,"column":61}},{"start":{"line":3,"column":64},"end":{"line":3,"column":109}}],"line":3},"2":{"loc":{"start":{"line":4,"column":16},"end":{"line":4,"column":34}},"type":"binary-expr","locations":[{"start":{"line":4,"column":16},"end":{"line":4,"column":17}},{"start":{"line":4,"column":22},"end":{"line":4,"column":33}}],"line":4},"3":{"loc":{"start":{"line":7,"column":32},"end":{"line":7,"column":115}},"type":"cond-expr","locations":[{"start":{"line":7,"column":46},"end":{"line":7,"column":67}},{"start":{"line":7,"column":70},"end":{"line":7,"column":115}}],"line":7},"4":{"loc":{"start":{"line":8,"column":51},"end":{"line":8,"column":67}},"type":"binary-expr","locations":[{"start":{"line":8,"column":51},"end":{"line":8,"column":61}},{"start":{"line":8,"column":65},"end":{"line":8,"column":67}}],"line":8},"5":{"loc":{"start":{"line":11,"column":18},"end":{"line":37,"column":1}},"type":"binary-expr","locations":[{"start":{"line":11,"column":19},"end":{"line":11,"column":23}},{"start":{"line":11,"column":27},"end":{"line":11,"column":43}},{"start":{"line":11,"column":48},"end":{"line":37,"column":1}}],"line":11},"6":{"loc":{"start":{"line":12,"column":43},"end":{"line":12,"column":68}},"type":"if","locations":[{"start":{"line":12,"column":43},"end":{"line":12,"column":68}},{"start":{"line":12,"column":43},"end":{"line":12,"column":68}}],"line":12},"7":{"loc":{"start":{"line":13,"column":71},"end":{"line":13,"column":153}},"type":"binary-expr","locations":[{"start":{"line":13,"column":71},"end":{"line":13,"column":99}},{"start":{"line":13,"column":104},"end":{"line":13,"column":152}}],"line":13},"8":{"loc":{"start":{"line":16,"column":8},"end":{"line":16,"column":70}},"type":"if","locations":[{"start":{"line":16,"column":8},"end":{"line":16,"column":70}},{"start":{"line":16,"column":8},"end":{"line":16,"column":70}}],"line":16},"9":{"loc":{"start":{"line":18,"column":12},"end":{"line":18,"column":169}},"type":"if","locations":[{"start":{"line":18,"column":12},"end":{"line":18,"column":169}},{"start":{"line":18,"column":12},"end":{"line":18,"column":169}}],"line":18},"10":{"loc":{"start":{"line":18,"column":23},"end":{"line":18,"column":158}},"type":"binary-expr","locations":[{"start":{"line":18,"column":23},"end":{"line":18,"column":24}},{"start":{"line":18,"column":29},"end":{"line":18,"column":125}},{"start":{"line":18,"column":130},"end":{"line":18,"column":158}}],"line":18},"11":{"loc":{"start":{"line":18,"column":33},"end":{"line":18,"column":125}},"type":"cond-expr","locations":[{"start":{"line":18,"column":45},"end":{"line":18,"column":56}},{"start":{"line":18,"column":59},"end":{"line":18,"column":125}}],"line":18},"12":{"loc":{"start":{"line":18,"column":59},"end":{"line":18,"column":125}},"type":"cond-expr","locations":[{"start":{"line":18,"column":67},"end":{"line":18,"column":116}},{"start":{"line":18,"column":119},"end":{"line":18,"column":125}}],"line":18},"13":{"loc":{"start":{"line":18,"column":67},"end":{"line":18,"column":116}},"type":"binary-expr","locations":[{"start":{"line":18,"column":67},"end":{"line":18,"column":77}},{"start":{"line":18,"column":82},"end":{"line":18,"column":115}}],"line":18},"14":{"loc":{"start":{"line":18,"column":82},"end":{"line":18,"column":112}},"type":"binary-expr","locations":[{"start":{"line":18,"column":83},"end":{"line":18,"column":98}},{"start":{"line":18,"column":103},"end":{"line":18,"column":112}}],"line":18},"15":{"loc":{"start":{"line":19,"column":12},"end":{"line":19,"column":52}},"type":"if","locations":[{"start":{"line":19,"column":12},"end":{"line":19,"column":52}},{"start":{"line":19,"column":12},"end":{"line":19,"column":52}}],"line":19},"16":{"loc":{"start":{"line":20,"column":12},"end":{"line":32,"column":13}},"type":"switch","locations":[{"start":{"line":21,"column":16},"end":{"line":21,"column":23}},{"start":{"line":21,"column":24},"end":{"line":21,"column":46}},{"start":{"line":22,"column":16},"end":{"line":22,"column":72}},{"start":{"line":23,"column":16},"end":{"line":23,"column":65}},{"start":{"line":24,"column":16},"end":{"line":24,"column":65}},{"start":{"line":25,"column":16},"end":{"line":31,"column":43}}],"line":20},"17":{"loc":{"start":{"line":26,"column":20},"end":{"line":26,"column":128}},"type":"if","locations":[{"start":{"line":26,"column":20},"end":{"line":26,"column":128}},{"start":{"line":26,"column":20},"end":{"line":26,"column":128}}],"line":26},"18":{"loc":{"start":{"line":26,"column":24},"end":{"line":26,"column":106}},"type":"binary-expr","locations":[{"start":{"line":26,"column":24},"end":{"line":26,"column":74}},{"start":{"line":26,"column":79},"end":{"line":26,"column":90}},{"start":{"line":26,"column":94},"end":{"line":26,"column":105}}],"line":26},"19":{"loc":{"start":{"line":26,"column":42},"end":{"line":26,"column":73}},"type":"binary-expr","locations":[{"start":{"line":26,"column":42},"end":{"line":26,"column":54}},{"start":{"line":26,"column":58},"end":{"line":26,"column":73}}],"line":26},"20":{"loc":{"start":{"line":27,"column":20},"end":{"line":27,"column":106}},"type":"if","locations":[{"start":{"line":27,"column":20},"end":{"line":27,"column":106}},{"start":{"line":27,"column":20},"end":{"line":27,"column":106}}],"line":27},"21":{"loc":{"start":{"line":27,"column":24},"end":{"line":27,"column":77}},"type":"binary-expr","locations":[{"start":{"line":27,"column":24},"end":{"line":27,"column":35}},{"start":{"line":27,"column":40},"end":{"line":27,"column":42}},{"start":{"line":27,"column":47},"end":{"line":27,"column":59}},{"start":{"line":27,"column":63},"end":{"line":27,"column":75}}],"line":27},"22":{"loc":{"start":{"line":28,"column":20},"end":{"line":28,"column":89}},"type":"if","locations":[{"start":{"line":28,"column":20},"end":{"line":28,"column":89}},{"start":{"line":28,"column":20},"end":{"line":28,"column":89}}],"line":28},"23":{"loc":{"start":{"line":28,"column":24},"end":{"line":28,"column":53}},"type":"binary-expr","locations":[{"start":{"line":28,"column":24},"end":{"line":28,"column":35}},{"start":{"line":28,"column":39},"end":{"line":28,"column":53}}],"line":28},"24":{"loc":{"start":{"line":29,"column":20},"end":{"line":29,"column":87}},"type":"if","locations":[{"start":{"line":29,"column":20},"end":{"line":29,"column":87}},{"start":{"line":29,"column":20},"end":{"line":29,"column":87}}],"line":29},"25":{"loc":{"start":{"line":29,"column":24},"end":{"line":29,"column":43}},"type":"binary-expr","locations":[{"start":{"line":29,"column":24},"end":{"line":29,"column":25}},{"start":{"line":29,"column":29},"end":{"line":29,"column":43}}],"line":29},"26":{"loc":{"start":{"line":30,"column":20},"end":{"line":30,"column":42}},"type":"if","locations":[{"start":{"line":30,"column":20},"end":{"line":30,"column":42}},{"start":{"line":30,"column":20},"end":{"line":30,"column":42}}],"line":30},"27":{"loc":{"start":{"line":35,"column":8},"end":{"line":35,"column":35}},"type":"if","locations":[{"start":{"line":35,"column":8},"end":{"line":35,"column":35}},{"start":{"line":35,"column":8},"end":{"line":35,"column":35}}],"line":35},"28":{"loc":{"start":{"line":35,"column":52},"end":{"line":35,"column":74}},"type":"cond-expr","locations":[{"start":{"line":35,"column":60},"end":{"line":35,"column":65}},{"start":{"line":35,"column":68},"end":{"line":35,"column":74}}],"line":35}},"s":{"0":1,"1":0,"2":0,"3":0,"4":0,"5":0,"6":0,"7":0,"8":0,"9":0,"10":0,"11":0,"12":1,"13":0,"14":0,"15":0,"16":0,"17":0,"18":0,"19":0,"20":0,"21":0,"22":0,"23":0,"24":0,"25":0,"26":0,"27":0,"28":0,"29":0,"30":0,"31":0,"32":0,"33":0,"34":0,"35":0,"36":0,"37":0,"38":0,"39":0,"40":0,"41":0,"42":0,"43":0,"44":0,"45":0,"46":0,"47":0,"48":0,"49":0,"50":0,"51":0,"52":0,"53":0,"54":0,"55":0,"56":0,"57":0,"58":0,"59":0,"60":0,"61":0,"62":0,"63":0,"64":0,"65":0,"66":1,"67":1,"68":1,"69":1,"70":1,"71":1,"72":0,"73":0,"74":0,"75":0,"76":1,"77":0,"78":0,"79":0,"80":0,"81":1,"82":0,"83":0,"84":0,"85":0,"86":0,"87":0,"88":1,"89":1},"f":{"0":0,"1":0,"2":0,"3":0,"4":0,"5":0,"6":0,"7":0,"8":0,"9":0,"10":0,"11":0,"12":0,"13":1,"14":1,"15":0,"16":0,"17":0,"18":0,"19":0,"20":0,"21":0,"22":0,"23":0,"24":0,"25":0},"b":{"0":[1,1,1],"1":[0,0],"2":[0,0],"3":[0,0],"4":[0,0],"5":[1,1,1],"6":[0,0],"7":[0,0],"8":[0,0],"9":[0,0],"10":[0,0,0],"11":[0,0],"12":[0,0],"13":[0,0],"14":[0,0],"15":[0,0],"16":[0,0,0,0,0,0],"17":[0,0],"18":[0,0,0],"19":[0,0],"20":[0,0],"21":[0,0,0,0],"22":[0,0],"23":[0,0],"24":[0,0],"25":[0,0],"26":[0,0],"27":[0,0],"28":[0,0]},"inputSourceMap":{"version":3,"file":"/home/ricardo/projects/ignite/node/ignite-template-tests-challenge/src/modules/users/repositories/in-memory/InMemoryUsersRepository.ts","sources":["/home/ricardo/projects/ignite/node/ignite-template-tests-challenge/src/modules/users/repositories/in-memory/InMemoryUsersRepository.ts"],"names":[],"mappings":";;;;;;;;;;;;;;;;;;;;;;;;;;;;;;;;;;;;;;;AAAA,4CAA2C;AAK3C;IAAA;QACU,UAAK,GAAW,EAAE,CAAC;IAgB7B,CAAC;IAdO,6CAAW,GAAjB,UAAkB,KAAa;uCAAG,OAAO;;gBACvC,sBAAO,IAAI,CAAC,KAAK,CAAC,IAAI,CAAC,UAAA,IAAI,IAAI,OAAA,IAAI,CAAC,KAAK,KAAK,KAAK,EAApB,CAAoB,CAAC,EAAC;;;KACtD;IAEK,0CAAQ,GAAd,UAAe,OAAe;uCAAG,OAAO;;gBACtC,sBAAO,IAAI,CAAC,KAAK,CAAC,IAAI,CAAC,UAAA,IAAI,IAAI,OAAA,IAAI,CAAC,EAAE,KAAK,OAAO,EAAnB,CAAmB,CAAC,EAAC;;;KACrD;IAEK,wCAAM,GAAZ,UAAa,IAAoB;uCAAG,OAAO;;;gBACnC,IAAI,GAAG,IAAI,WAAI,EAAE,CAAC;gBACxB,MAAM,CAAC,MAAM,CAAC,IAAI,EAAE,IAAI,CAAC,CAAC;gBAC1B,IAAI,CAAC,KAAK,CAAC,IAAI,CAAC,IAAI,CAAC,CAAC;gBACtB,sBAAO,IAAI,EAAC;;;KACb;IACH,8BAAC;AAAD,CAAC,AAjBD,IAiBC;AAjBY,0DAAuB","sourcesContent":["import { User } from \"../../entities/User\";\n\nimport { ICreateUserDTO } from \"../../useCases/createUser/ICreateUserDTO\";\nimport { IUsersRepository } from \"../IUsersRepository\";\n\nexport class InMemoryUsersRepository implements IUsersRepository {\n  private users: User[] = [];\n\n  async findByEmail(email: string): Promise<User | undefined> {\n    return this.users.find(user => user.email === email);\n  }\n\n  async findById(user_id: string): Promise<User | undefined> {\n    return this.users.find(user => user.id === user_id);\n  }\n\n  async create(data: ICreateUserDTO): Promise<User> {\n    const user = new User();\n    Object.assign(user, data);\n    this.users.push(user);\n    return user;\n  }\n}\n"]},"_coverageSchema":"1a1c01bbd47fc00a2c39e90264f33305004495a9","hash":"8f1cfd1c343d46e2d3fc5d438f780f94daae5ada","contentHash":"c0f00d73f14a07ecf101d95d07c5570e4dd34ff15c5e99422fe37c41faf82948"},"/home/ricardo/projects/ignite/node/ignite-template-tests-challenge/src/modules/users/entities/User.ts":{"path":"/home/ricardo/projects/ignite/node/ignite-template-tests-challenge/src/modules/users/entities/User.ts","statementMap":{"0":{"start":{"line":2,"column":17},"end":{"line":7,"column":1}},"1":{"start":{"line":3,"column":12},"end":{"line":3,"column":28}},"2":{"start":{"line":3,"column":34},"end":{"line":3,"column":125}},"3":{"start":{"line":4,"column":4},"end":{"line":5,"column":150}},"4":{"start":{"line":4,"column":79},"end":{"line":4,"column":131}},"5":{"start":{"line":5,"column":9},"end":{"line":5,"column":150}},"6":{"start":{"line":5,"column":22},"end":{"line":5,"column":43}},"7":{"start":{"line":5,"column":58},"end":{"line":5,"column":150}},"8":{"start":{"line":5,"column":81},"end":{"line":5,"column":150}},"9":{"start":{"line":6,"column":4},"end":{"line":6,"column":66}},"10":{"start":{"line":8,"column":17},"end":{"line":10,"column":1}},"11":{"start":{"line":9,"column":4},"end":{"line":9,"column":109}},"12":{"start":{"line":9,"column":79},"end":{"line":9,"column":109}},"13":{"start":{"line":11,"column":0},"end":{"line":11,"column":62}},"14":{"start":{"line":12,"column":0},"end":{"line":12,"column":22}},"15":{"start":{"line":13,"column":16},"end":{"line":13,"column":34}},"16":{"start":{"line":14,"column":13},"end":{"line":14,"column":28}},"17":{"start":{"line":15,"column":18},"end":{"line":15,"column":64}},"18":{"start":{"line":16,"column":26},"end":{"line":56,"column":3}},"19":{"start":{"line":18,"column":8},"end":{"line":20,"column":9}},"20":{"start":{"line":19,"column":12},"end":{"line":19,"column":39}},"21":{"start":{"line":23,"column":4},"end":{"line":26,"column":37}},"22":{"start":{"line":27,"column":4},"end":{"line":30,"column":39}},"23":{"start":{"line":31,"column":4},"end":{"line":34,"column":40}},"24":{"start":{"line":35,"column":4},"end":{"line":38,"column":43}},"25":{"start":{"line":39,"column":4},"end":{"line":42,"column":44}},"26":{"start":{"line":40,"column":47},"end":{"line":40,"column":76}},"27":{"start":{"line":40,"column":103},"end":{"line":40,"column":125}},"28":{"start":{"line":43,"column":4},"end":{"line":46,"column":45}},"29":{"start":{"line":47,"column":4},"end":{"line":50,"column":45}},"30":{"start":{"line":51,"column":4},"end":{"line":54,"column":13}},"31":{"start":{"line":55,"column":4},"end":{"line":55,"column":16}},"32":{"start":{"line":57,"column":0},"end":{"line":57,"column":20}}},"fnMap":{"0":{"name":"(anonymous_0)","decl":{"start":{"line":2,"column":46},"end":{"line":2,"column":47}},"loc":{"start":{"line":2,"column":87},"end":{"line":7,"column":1}},"line":2},"1":{"name":"(anonymous_1)","decl":{"start":{"line":8,"column":46},"end":{"line":8,"column":47}},"loc":{"start":{"line":8,"column":62},"end":{"line":10,"column":1}},"line":8},"2":{"name":"(anonymous_2)","decl":{"start":{"line":16,"column":26},"end":{"line":16,"column":27}},"loc":{"start":{"line":16,"column":38},"end":{"line":56,"column":1}},"line":16},"3":{"name":"User","decl":{"start":{"line":17,"column":13},"end":{"line":17,"column":17}},"loc":{"start":{"line":17,"column":20},"end":{"line":21,"column":5}},"line":17},"4":{"name":"(anonymous_4)","decl":{"start":{"line":40,"column":33},"end":{"line":40,"column":34}},"loc":{"start":{"line":40,"column":45},"end":{"line":40,"column":78}},"line":40},"5":{"name":"(anonymous_5)","decl":{"start":{"line":40,"column":80},"end":{"line":40,"column":81}},"loc":{"start":{"line":40,"column":101},"end":{"line":40,"column":127}},"line":40}},"branchMap":{"0":{"loc":{"start":{"line":2,"column":17},"end":{"line":7,"column":1}},"type":"binary-expr","locations":[{"start":{"line":2,"column":18},"end":{"line":2,"column":22}},{"start":{"line":2,"column":26},"end":{"line":2,"column":41}},{"start":{"line":2,"column":46},"end":{"line":7,"column":1}}],"line":2},"1":{"loc":{"start":{"line":3,"column":34},"end":{"line":3,"column":125}},"type":"cond-expr","locations":[{"start":{"line":3,"column":42},"end":{"line":3,"column":48}},{"start":{"line":3,"column":51},"end":{"line":3,"column":125}}],"line":3},"2":{"loc":{"start":{"line":3,"column":51},"end":{"line":3,"column":125}},"type":"cond-expr","locations":[{"start":{"line":3,"column":67},"end":{"line":3,"column":118}},{"start":{"line":3,"column":121},"end":{"line":3,"column":125}}],"line":3},"3":{"loc":{"start":{"line":4,"column":4},"end":{"line":5,"column":150}},"type":"if","locations":[{"start":{"line":4,"column":4},"end":{"line":5,"column":150}},{"start":{"line":4,"column":4},"end":{"line":5,"column":150}}],"line":4},"4":{"loc":{"start":{"line":4,"column":8},"end":{"line":4,"column":77}},"type":"binary-expr","locations":[{"start":{"line":4,"column":8},"end":{"line":4,"column":35}},{"start":{"line":4,"column":39},"end":{"line":4,"column":77}}],"line":4},"5":{"loc":{"start":{"line":5,"column":58},"end":{"line":5,"column":150}},"type":"if","locations":[{"start":{"line":5,"column":58},"end":{"line":5,"column":150}},{"start":{"line":5,"column":58},"end":{"line":5,"column":150}}],"line":5},"6":{"loc":{"start":{"line":5,"column":85},"end":{"line":5,"column":149}},"type":"binary-expr","locations":[{"start":{"line":5,"column":86},"end":{"line":5,"column":143}},{"start":{"line":5,"column":148},"end":{"line":5,"column":149}}],"line":5},"7":{"loc":{"start":{"line":5,"column":86},"end":{"line":5,"column":143}},"type":"cond-expr","locations":[{"start":{"line":5,"column":94},"end":{"line":5,"column":98}},{"start":{"line":5,"column":101},"end":{"line":5,"column":143}}],"line":5},"8":{"loc":{"start":{"line":5,"column":101},"end":{"line":5,"column":143}},"type":"cond-expr","locations":[{"start":{"line":5,"column":109},"end":{"line":5,"column":126}},{"start":{"line":5,"column":129},"end":{"line":5,"column":143}}],"line":5},"9":{"loc":{"start":{"line":6,"column":11},"end":{"line":6,"column":62}},"type":"binary-expr","locations":[{"start":{"line":6,"column":11},"end":{"line":6,"column":16}},{"start":{"line":6,"column":20},"end":{"line":6,"column":21}},{"start":{"line":6,"column":25},"end":{"line":6,"column":62}}],"line":6},"10":{"loc":{"start":{"line":8,"column":17},"end":{"line":10,"column":1}},"type":"binary-expr","locations":[{"start":{"line":8,"column":18},"end":{"line":8,"column":22}},{"start":{"line":8,"column":26},"end":{"line":8,"column":41}},{"start":{"line":8,"column":46},"end":{"line":10,"column":1}}],"line":8},"11":{"loc":{"start":{"line":9,"column":4},"end":{"line":9,"column":109}},"type":"if","locations":[{"start":{"line":9,"column":4},"end":{"line":9,"column":109}},{"start":{"line":9,"column":4},"end":{"line":9,"column":109}}],"line":9},"12":{"loc":{"start":{"line":9,"column":8},"end":{"line":9,"column":77}},"type":"binary-expr","locations":[{"start":{"line":9,"column":8},"end":{"line":9,"column":35}},{"start":{"line":9,"column":39},"end":{"line":9,"column":77}}],"line":9},"13":{"loc":{"start":{"line":18,"column":8},"end":{"line":20,"column":9}},"type":"if","locations":[{"start":{"line":18,"column":8},"end":{"line":20,"column":9}},{"start":{"line":18,"column":8},"end":{"line":20,"column":9}}],"line":18},"14":{"loc":{"start":{"line":45,"column":34},"end":{"line":45,"column":112}},"type":"cond-expr","locations":[{"start":{"line":45,"column":101},"end":{"line":45,"column":103}},{"start":{"line":45,"column":106},"end":{"line":45,"column":112}}],"line":45},"15":{"loc":{"start":{"line":45,"column":47},"end":{"line":45,"column":82}},"type":"binary-expr","locations":[{"start":{"line":45,"column":47},"end":{"line":45,"column":74}},{"start":{"line":45,"column":78},"end":{"line":45,"column":82}}],"line":45},"16":{"loc":{"start":{"line":49,"column":34},"end":{"line":49,"column":112}},"type":"cond-expr","locations":[{"start":{"line":49,"column":101},"end":{"line":49,"column":103}},{"start":{"line":49,"column":106},"end":{"line":49,"column":112}}],"line":49},"17":{"loc":{"start":{"line":49,"column":47},"end":{"line":49,"column":82}},"type":"binary-expr","locations":[{"start":{"line":49,"column":47},"end":{"line":49,"column":74}},{"start":{"line":49,"column":78},"end":{"line":49,"column":82}}],"line":49}},"s":{"0":1,"1":8,"2":8,"3":8,"4":8,"5":0,"6":0,"7":0,"8":0,"9":8,"10":1,"11":8,"12":8,"13":1,"14":1,"15":1,"16":1,"17":1,"18":1,"19":0,"20":0,"21":1,"22":1,"23":1,"24":1,"25":1,"26":0,"27":0,"28":1,"29":1,"30":1,"31":1,"32":1},"f":{"0":8,"1":8,"2":1,"3":0,"4":0,"5":0},"b":{"0":[1,1,1],"1":[1,7],"2":[0,7],"3":[8,0],"4":[8,8],"5":[0,0],"6":[0,0],"7":[0,0],"8":[0,0],"9":[8,7,0],"10":[1,1,1],"11":[8,0],"12":[8,8],"13":[0,0],"14":[1,0],"15":[1,1],"16":[1,0],"17":[1,1]},"inputSourceMap":{"version":3,"file":"/home/ricardo/projects/ignite/node/ignite-template-tests-challenge/src/modules/users/entities/User.ts","sources":["/home/ricardo/projects/ignite/node/ignite-template-tests-challenge/src/modules/users/entities/User.ts"],"names":[],"mappings":";;;;;;;;;;;;AAAA,mCAMiB;AACjB,6BAAkC;AAElC,iEAAgE;AAGhE;IAsBE;QACE,IAAG,CAAC,IAAI,CAAC,EAAE,EAAE;YACX,IAAI,CAAC,EAAE,GAAG,IAAA,SAAI,GAAE,CAAC;SAClB;IACH,CAAC;;IAxBD;QADC,IAAA,gCAAsB,EAAC,MAAM,CAAC;;oCACnB;IAGZ;QADC,IAAA,gBAAM,GAAE;;sCACI;IAGb;QADC,IAAA,gBAAM,GAAE;;uCACK;IAGd;QADC,IAAA,gBAAM,GAAE;;0CACQ;IAGjB;QADC,IAAA,mBAAS,EAAC,cAAM,OAAA,qBAAS,EAAT,CAAS,EAAE,UAAA,SAAS,IAAI,OAAA,SAAS,CAAC,IAAI,EAAd,CAAc,CAAC;;2CACjC;IAGvB;QADC,IAAA,0BAAgB,GAAE;sDACP,IAAI,oBAAJ,IAAI;4CAAC;IAGjB;QADC,IAAA,0BAAgB,GAAE;sDACP,IAAI,oBAAJ,IAAI;4CAAC;IApBN,IAAI;QADhB,IAAA,gBAAM,EAAC,OAAO,CAAC;;OACH,IAAI,CA2BhB;IAAD,WAAC;CAAA,AA3BD,IA2BC;AA3BY,oBAAI","sourcesContent":["import {\n  Column,\n  CreateDateColumn,\n  Entity,\n  OneToMany,\n  PrimaryGeneratedColumn\n} from 'typeorm';\nimport { v4 as uuid } from 'uuid';\n\nimport { Statement } from '../../statements/entities/Statement';\n\n@Entity('users')\nexport class User {\n  @PrimaryGeneratedColumn('uuid')\n  id?: string;\n\n  @Column()\n  name: string;\n\n  @Column()\n  email: string;\n\n  @Column()\n  password: string;\n\n  @OneToMany(() => Statement, statement => statement.user)\n  statement: Statement[];\n\n  @CreateDateColumn()\n  created_at: Date;\n\n  @CreateDateColumn()\n  updated_at: Date;\n\n  constructor() {\n    if(!this.id) {\n      this.id = uuid();\n    }\n  }\n}\n"]},"_coverageSchema":"1a1c01bbd47fc00a2c39e90264f33305004495a9","hash":"c5460a30b492af0c222cbb0a4cbf7928132bbfa5","contentHash":"42b9b81fbaa30e700c3e96c1ee80b8736704c223429cf4149191e4a1bbb3d2bb"},"/home/ricardo/projects/ignite/node/ignite-template-tests-challenge/src/modules/statements/entities/Statement.ts":{"path":"/home/ricardo/projects/ignite/node/ignite-template-tests-challenge/src/modules/statements/entities/Statement.ts","statementMap":{"0":{"start":{"line":2,"column":17},"end":{"line":7,"column":1}},"1":{"start":{"line":3,"column":12},"end":{"line":3,"column":28}},"2":{"start":{"line":3,"column":34},"end":{"line":3,"column":125}},"3":{"start":{"line":4,"column":4},"end":{"line":5,"column":150}},"4":{"start":{"line":4,"column":79},"end":{"line":4,"column":131}},"5":{"start":{"line":5,"column":9},"end":{"line":5,"column":150}},"6":{"start":{"line":5,"column":22},"end":{"line":5,"column":43}},"7":{"start":{"line":5,"column":58},"end":{"line":5,"column":150}},"8":{"start":{"line":5,"column":81},"end":{"line":5,"column":150}},"9":{"start":{"line":6,"column":4},"end":{"line":6,"column":66}},"10":{"start":{"line":8,"column":17},"end":{"line":10,"column":1}},"11":{"start":{"line":9,"column":4},"end":{"line":9,"column":109}},"12":{"start":{"line":9,"column":79},"end":{"line":9,"column":109}},"13":{"start":{"line":11,"column":0},"end":{"line":11,"column":62}},"14":{"start":{"line":12,"column":0},"end":{"line":12,"column":27}},"15":{"start":{"line":13,"column":16},"end":{"line":13,"column":34}},"16":{"start":{"line":14,"column":13},"end":{"line":14,"column":28}},"17":{"start":{"line":15,"column":13},"end":{"line":15,"column":49}},"18":{"start":{"line":17,"column":0},"end":{"line":20,"column":42}},"19":{"start":{"line":18,"column":4},"end":{"line":18,"column":41}},"20":{"start":{"line":19,"column":4},"end":{"line":19,"column":43}},"21":{"start":{"line":21,"column":31},"end":{"line":66,"column":3}},"22":{"start":{"line":23,"column":8},"end":{"line":25,"column":9}},"23":{"start":{"line":24,"column":12},"end":{"line":24,"column":39}},"24":{"start":{"line":28,"column":4},"end":{"line":31,"column":42}},"25":{"start":{"line":32,"column":4},"end":{"line":35,"column":47}},"26":{"start":{"line":36,"column":4},"end":{"line":40,"column":44}},"27":{"start":{"line":37,"column":47},"end":{"line":37,"column":66}},"28":{"start":{"line":37,"column":88},"end":{"line":37,"column":110}},"29":{"start":{"line":41,"column":4},"end":{"line":44,"column":51}},"30":{"start":{"line":45,"column":4},"end":{"line":48,"column":46}},"31":{"start":{"line":49,"column":4},"end":{"line":52,"column":44}},"32":{"start":{"line":53,"column":4},"end":{"line":56,"column":50}},"33":{"start":{"line":57,"column":4},"end":{"line":60,"column":50}},"34":{"start":{"line":61,"column":4},"end":{"line":64,"column":18}},"35":{"start":{"line":65,"column":4},"end":{"line":65,"column":21}},"36":{"start":{"line":67,"column":0},"end":{"line":67,"column":30}}},"fnMap":{"0":{"name":"(anonymous_0)","decl":{"start":{"line":2,"column":46},"end":{"line":2,"column":47}},"loc":{"start":{"line":2,"column":87},"end":{"line":7,"column":1}},"line":2},"1":{"name":"(anonymous_1)","decl":{"start":{"line":8,"column":46},"end":{"line":8,"column":47}},"loc":{"start":{"line":8,"column":62},"end":{"line":10,"column":1}},"line":8},"2":{"name":"(anonymous_2)","decl":{"start":{"line":17,"column":1},"end":{"line":17,"column":2}},"loc":{"start":{"line":17,"column":26},"end":{"line":20,"column":1}},"line":17},"3":{"name":"(anonymous_3)","decl":{"start":{"line":21,"column":31},"end":{"line":21,"column":32}},"loc":{"start":{"line":21,"column":43},"end":{"line":66,"column":1}},"line":21},"4":{"name":"Statement","decl":{"start":{"line":22,"column":13},"end":{"line":22,"column":22}},"loc":{"start":{"line":22,"column":25},"end":{"line":26,"column":5}},"line":22},"5":{"name":"(anonymous_5)","decl":{"start":{"line":37,"column":33},"end":{"line":37,"column":34}},"loc":{"start":{"line":37,"column":45},"end":{"line":37,"column":68}},"line":37},"6":{"name":"(anonymous_6)","decl":{"start":{"line":37,"column":70},"end":{"line":37,"column":71}},"loc":{"start":{"line":37,"column":86},"end":{"line":37,"column":112}},"line":37}},"branchMap":{"0":{"loc":{"start":{"line":2,"column":17},"end":{"line":7,"column":1}},"type":"binary-expr","locations":[{"start":{"line":2,"column":18},"end":{"line":2,"column":22}},{"start":{"line":2,"column":26},"end":{"line":2,"column":41}},{"start":{"line":2,"column":46},"end":{"line":7,"column":1}}],"line":2},"1":{"loc":{"start":{"line":3,"column":34},"end":{"line":3,"column":125}},"type":"cond-expr","locations":[{"start":{"line":3,"column":42},"end":{"line":3,"column":48}},{"start":{"line":3,"column":51},"end":{"line":3,"column":125}}],"line":3},"2":{"loc":{"start":{"line":3,"column":51},"end":{"line":3,"column":125}},"type":"cond-expr","locations":[{"start":{"line":3,"column":67},"end":{"line":3,"column":118}},{"start":{"line":3,"column":121},"end":{"line":3,"column":125}}],"line":3},"3":{"loc":{"start":{"line":4,"column":4},"end":{"line":5,"column":150}},"type":"if","locations":[{"start":{"line":4,"column":4},"end":{"line":5,"column":150}},{"start":{"line":4,"column":4},"end":{"line":5,"column":150}}],"line":4},"4":{"loc":{"start":{"line":4,"column":8},"end":{"line":4,"column":77}},"type":"binary-expr","locations":[{"start":{"line":4,"column":8},"end":{"line":4,"column":35}},{"start":{"line":4,"column":39},"end":{"line":4,"column":77}}],"line":4},"5":{"loc":{"start":{"line":5,"column":58},"end":{"line":5,"column":150}},"type":"if","locations":[{"start":{"line":5,"column":58},"end":{"line":5,"column":150}},{"start":{"line":5,"column":58},"end":{"line":5,"column":150}}],"line":5},"6":{"loc":{"start":{"line":5,"column":85},"end":{"line":5,"column":149}},"type":"binary-expr","locations":[{"start":{"line":5,"column":86},"end":{"line":5,"column":143}},{"start":{"line":5,"column":148},"end":{"line":5,"column":149}}],"line":5},"7":{"loc":{"start":{"line":5,"column":86},"end":{"line":5,"column":143}},"type":"cond-expr","locations":[{"start":{"line":5,"column":94},"end":{"line":5,"column":98}},{"start":{"line":5,"column":101},"end":{"line":5,"column":143}}],"line":5},"8":{"loc":{"start":{"line":5,"column":101},"end":{"line":5,"column":143}},"type":"cond-expr","locations":[{"start":{"line":5,"column":109},"end":{"line":5,"column":126}},{"start":{"line":5,"column":129},"end":{"line":5,"column":143}}],"line":5},"9":{"loc":{"start":{"line":6,"column":11},"end":{"line":6,"column":62}},"type":"binary-expr","locations":[{"start":{"line":6,"column":11},"end":{"line":6,"column":16}},{"start":{"line":6,"column":20},"end":{"line":6,"column":21}},{"start":{"line":6,"column":25},"end":{"line":6,"column":62}}],"line":6},"10":{"loc":{"start":{"line":8,"column":17},"end":{"line":10,"column":1}},"type":"binary-expr","locations":[{"start":{"line":8,"column":18},"end":{"line":8,"column":22}},{"start":{"line":8,"column":26},"end":{"line":8,"column":41}},{"start":{"line":8,"column":46},"end":{"line":10,"column":1}}],"line":8},"11":{"loc":{"start":{"line":9,"column":4},"end":{"line":9,"column":109}},"type":"if","locations":[{"start":{"line":9,"column":4},"end":{"line":9,"column":109}},{"start":{"line":9,"column":4},"end":{"line":9,"column":109}}],"line":9},"12":{"loc":{"start":{"line":9,"column":8},"end":{"line":9,"column":77}},"type":"binary-expr","locations":[{"start":{"line":9,"column":8},"end":{"line":9,"column":35}},{"start":{"line":9,"column":39},"end":{"line":9,"column":77}}],"line":9},"13":{"loc":{"start":{"line":20,"column":3},"end":{"line":20,"column":40}},"type":"binary-expr","locations":[{"start":{"line":20,"column":3},"end":{"line":20,"column":16}},{"start":{"line":20,"column":21},"end":{"line":20,"column":39}}],"line":20},"14":{"loc":{"start":{"line":23,"column":8},"end":{"line":25,"column":9}},"type":"if","locations":[{"start":{"line":23,"column":8},"end":{"line":25,"column":9}},{"start":{"line":23,"column":8},"end":{"line":25,"column":9}}],"line":23},"15":{"loc":{"start":{"line":39,"column":34},"end":{"line":39,"column":126}},"type":"cond-expr","locations":[{"start":{"line":39,"column":115},"end":{"line":39,"column":117}},{"start":{"line":39,"column":120},"end":{"line":39,"column":126}}],"line":39},"16":{"loc":{"start":{"line":39,"column":47},"end":{"line":39,"column":96}},"type":"binary-expr","locations":[{"start":{"line":39,"column":47},"end":{"line":39,"column":81}},{"start":{"line":39,"column":85},"end":{"line":39,"column":96}}],"line":39},"17":{"loc":{"start":{"line":55,"column":34},"end":{"line":55,"column":112}},"type":"cond-expr","locations":[{"start":{"line":55,"column":101},"end":{"line":55,"column":103}},{"start":{"line":55,"column":106},"end":{"line":55,"column":112}}],"line":55},"18":{"loc":{"start":{"line":55,"column":47},"end":{"line":55,"column":82}},"type":"binary-expr","locations":[{"start":{"line":55,"column":47},"end":{"line":55,"column":74}},{"start":{"line":55,"column":78},"end":{"line":55,"column":82}}],"line":55},"19":{"loc":{"start":{"line":59,"column":34},"end":{"line":59,"column":112}},"type":"cond-expr","locations":[{"start":{"line":59,"column":101},"end":{"line":59,"column":103}},{"start":{"line":59,"column":106},"end":{"line":59,"column":112}}],"line":59},"20":{"loc":{"start":{"line":59,"column":47},"end":{"line":59,"column":82}},"type":"binary-expr","locations":[{"start":{"line":59,"column":47},"end":{"line":59,"column":74}},{"start":{"line":59,"column":78},"end":{"line":59,"column":82}}],"line":59}},"s":{"0":1,"1":9,"2":9,"3":9,"4":9,"5":0,"6":0,"7":0,"8":0,"9":9,"10":1,"11":9,"12":9,"13":1,"14":1,"15":1,"16":1,"17":1,"18":1,"19":1,"20":1,"21":1,"22":0,"23":0,"24":1,"25":1,"26":1,"27":0,"28":0,"29":1,"30":1,"31":1,"32":1,"33":1,"34":1,"35":1,"36":1},"f":{"0":9,"1":9,"2":1,"3":1,"4":0,"5":0,"6":0},"b":{"0":[1,1,1],"1":[1,8],"2":[0,8],"3":[9,0],"4":[9,9],"5":[0,0],"6":[0,0],"7":[0,0],"8":[0,0],"9":[9,8,0],"10":[1,1,1],"11":[9,0],"12":[9,9],"13":[1,1],"14":[0,0],"15":[0,1],"16":[1,0],"17":[1,0],"18":[1,1],"19":[1,0],"20":[1,1]},"inputSourceMap":{"version":3,"file":"/home/ricardo/projects/ignite/node/ignite-template-tests-challenge/src/modules/statements/entities/Statement.ts","sources":["/home/ricardo/projects/ignite/node/ignite-template-tests-challenge/src/modules/statements/entities/Statement.ts"],"names":[],"mappings":";;;;;;;;;;;;AAAA,mCAOiB;AACjB,6BAAkC;AAElC,kDAAiD;AAEjD,IAAK,aAGJ;AAHD,WAAK,aAAa;IAChB,oCAAmB,CAAA;IACnB,sCAAqB,CAAA;AACvB,CAAC,EAHI,aAAa,KAAb,aAAa,QAGjB;AAGD;IA0BE;QACE,IAAI,CAAC,IAAI,CAAC,EAAE,EAAE;YACZ,IAAI,CAAC,EAAE,GAAG,IAAA,SAAI,GAAE,CAAC;SAClB;IACH,CAAC;;IA5BD;QADC,IAAA,gCAAsB,EAAC,MAAM,CAAC;;yCACnB;IAGZ;QADC,IAAA,gBAAM,EAAC,MAAM,CAAC;;8CACC;IAIhB;QAFC,IAAA,mBAAS,EAAC,cAAM,OAAA,WAAI,EAAJ,CAAI,EAAE,UAAA,IAAI,IAAI,OAAA,IAAI,CAAC,SAAS,EAAd,CAAc,CAAC;QAC7C,IAAA,oBAAU,EAAC,EAAE,IAAI,EAAE,SAAS,EAAE,CAAC;sDAC1B,WAAI,oBAAJ,WAAI;2CAAC;IAGX;QADC,IAAA,gBAAM,GAAE;;kDACW;IAGpB;QADC,IAAA,gBAAM,EAAC,SAAS,EAAE,EAAE,SAAS,EAAE,CAAC,EAAE,KAAK,EAAE,CAAC,EAAE,CAAC;;6CAC/B;IAGf;QADC,IAAA,gBAAM,EAAC,EAAE,IAAI,EAAE,MAAM,EAAE,IAAI,EAAE,aAAa,EAAE,CAAC;;2CAC1B;IAGpB;QADC,IAAA,0BAAgB,GAAE;sDACP,IAAI,oBAAJ,IAAI;iDAAC;IAGjB;QADC,IAAA,0BAAgB,GAAE;sDACP,IAAI,oBAAJ,IAAI;iDAAC;IAxBN,SAAS;QADrB,IAAA,gBAAM,EAAC,YAAY,CAAC;;OACR,SAAS,CA+BrB;IAAD,gBAAC;CAAA,AA/BD,IA+BC;AA/BY,8BAAS","sourcesContent":["import {\n  Column,\n  CreateDateColumn,\n  Entity,\n  JoinColumn,\n  ManyToOne,\n  PrimaryGeneratedColumn\n} from 'typeorm';\nimport { v4 as uuid } from 'uuid';\n\nimport { User } from '../../users/entities/User';\n\nenum OperationType {\n  DEPOSIT = 'deposit',\n  WITHDRAW = 'withdraw',\n}\n\n@Entity('statements')\nexport class Statement {\n  @PrimaryGeneratedColumn('uuid')\n  id?: string;\n\n  @Column('uuid')\n  user_id: string;\n\n  @ManyToOne(() => User, user => user.statement)\n  @JoinColumn({ name: 'user_id' })\n  user: User;\n\n  @Column()\n  description: string;\n\n  @Column('decimal', { precision: 5, scale: 2 })\n  amount: number;\n\n  @Column({ type: 'enum', enum: OperationType })\n  type: OperationType;\n\n  @CreateDateColumn()\n  created_at: Date;\n\n  @CreateDateColumn()\n  updated_at: Date;\n\n  constructor() {\n    if (!this.id) {\n      this.id = uuid();\n    }\n  }\n}\n"]},"_coverageSchema":"1a1c01bbd47fc00a2c39e90264f33305004495a9","hash":"e8067446f345dbf29ee8dc3c1400249430f70c65","contentHash":"abdbfab3365be3bd95dd5c81e504bc5d3073e08ec8060292c272d134f8c69f51"},"/home/ricardo/projects/ignite/node/ignite-template-tests-challenge/src/modules/users/useCases/createUser/CreateUserUseCase.ts":{"path":"/home/ricardo/projects/ignite/node/ignite-template-tests-challenge/src/modules/users/useCases/createUser/CreateUserUseCase.ts","statementMap":{"0":{"start":{"line":2,"column":17},"end":{"line":7,"column":1}},"1":{"start":{"line":3,"column":12},"end":{"line":3,"column":28}},"2":{"start":{"line":3,"column":34},"end":{"line":3,"column":125}},"3":{"start":{"line":4,"column":4},"end":{"line":5,"column":150}},"4":{"start":{"line":4,"column":79},"end":{"line":4,"column":131}},"5":{"start":{"line":5,"column":9},"end":{"line":5,"column":150}},"6":{"start":{"line":5,"column":22},"end":{"line":5,"column":43}},"7":{"start":{"line":5,"column":58},"end":{"line":5,"column":150}},"8":{"start":{"line":5,"column":81},"end":{"line":5,"column":150}},"9":{"start":{"line":6,"column":4},"end":{"line":6,"column":66}},"10":{"start":{"line":8,"column":17},"end":{"line":10,"column":1}},"11":{"start":{"line":9,"column":4},"end":{"line":9,"column":109}},"12":{"start":{"line":9,"column":79},"end":{"line":9,"column":109}},"13":{"start":{"line":11,"column":14},"end":{"line":13,"column":1}},"14":{"start":{"line":12,"column":4},"end":{"line":12,"column":73}},"15":{"start":{"line":12,"column":36},"end":{"line":12,"column":71}},"16":{"start":{"line":14,"column":16},"end":{"line":22,"column":1}},"17":{"start":{"line":15,"column":28},"end":{"line":15,"column":110}},"18":{"start":{"line":15,"column":91},"end":{"line":15,"column":106}},"19":{"start":{"line":16,"column":4},"end":{"line":21,"column":7}},"20":{"start":{"line":17,"column":36},"end":{"line":17,"column":97}},"21":{"start":{"line":17,"column":42},"end":{"line":17,"column":70}},"22":{"start":{"line":17,"column":85},"end":{"line":17,"column":95}},"23":{"start":{"line":18,"column":35},"end":{"line":18,"column":100}},"24":{"start":{"line":18,"column":41},"end":{"line":18,"column":73}},"25":{"start":{"line":18,"column":88},"end":{"line":18,"column":98}},"26":{"start":{"line":19,"column":32},"end":{"line":19,"column":116}},"27":{"start":{"line":20,"column":8},"end":{"line":20,"column":78}},"28":{"start":{"line":23,"column":18},"end":{"line":49,"column":1}},"29":{"start":{"line":24,"column":12},"end":{"line":24,"column":104}},"30":{"start":{"line":24,"column":43},"end":{"line":24,"column":68}},"31":{"start":{"line":24,"column":57},"end":{"line":24,"column":68}},"32":{"start":{"line":24,"column":69},"end":{"line":24,"column":81}},"33":{"start":{"line":25,"column":4},"end":{"line":25,"column":157}},"34":{"start":{"line":25,"column":138},"end":{"line":25,"column":150}},"35":{"start":{"line":26,"column":23},"end":{"line":26,"column":68}},"36":{"start":{"line":26,"column":45},"end":{"line":26,"column":65}},"37":{"start":{"line":28,"column":8},"end":{"line":28,"column":70}},"38":{"start":{"line":28,"column":15},"end":{"line":28,"column":70}},"39":{"start":{"line":29,"column":8},"end":{"line":46,"column":66}},"40":{"start":{"line":29,"column":18},"end":{"line":46,"column":66}},"41":{"start":{"line":30,"column":12},"end":{"line":30,"column":169}},"42":{"start":{"line":30,"column":160},"end":{"line":30,"column":169}},"43":{"start":{"line":31,"column":12},"end":{"line":31,"column":52}},"44":{"start":{"line":31,"column":26},"end":{"line":31,"column":52}},"45":{"start":{"line":32,"column":12},"end":{"line":44,"column":13}},"46":{"start":{"line":33,"column":32},"end":{"line":33,"column":39}},"47":{"start":{"line":33,"column":40},"end":{"line":33,"column":46}},"48":{"start":{"line":34,"column":24},"end":{"line":34,"column":34}},"49":{"start":{"line":34,"column":35},"end":{"line":34,"column":72}},"50":{"start":{"line":35,"column":24},"end":{"line":35,"column":34}},"51":{"start":{"line":35,"column":35},"end":{"line":35,"column":45}},"52":{"start":{"line":35,"column":46},"end":{"line":35,"column":55}},"53":{"start":{"line":35,"column":56},"end":{"line":35,"column":65}},"54":{"start":{"line":36,"column":24},"end":{"line":36,"column":41}},"55":{"start":{"line":36,"column":42},"end":{"line":36,"column":55}},"56":{"start":{"line":36,"column":56},"end":{"line":36,"column":65}},"57":{"start":{"line":38,"column":20},"end":{"line":38,"column":128}},"58":{"start":{"line":38,"column":110},"end":{"line":38,"column":116}},"59":{"start":{"line":38,"column":117},"end":{"line":38,"column":126}},"60":{"start":{"line":39,"column":20},"end":{"line":39,"column":106}},"61":{"start":{"line":39,"column":81},"end":{"line":39,"column":97}},"62":{"start":{"line":39,"column":98},"end":{"line":39,"column":104}},"63":{"start":{"line":40,"column":20},"end":{"line":40,"column":89}},"64":{"start":{"line":40,"column":57},"end":{"line":40,"column":72}},"65":{"start":{"line":40,"column":73},"end":{"line":40,"column":80}},"66":{"start":{"line":40,"column":81},"end":{"line":40,"column":87}},"67":{"start":{"line":41,"column":20},"end":{"line":41,"column":87}},"68":{"start":{"line":41,"column":47},"end":{"line":41,"column":62}},"69":{"start":{"line":41,"column":63},"end":{"line":41,"column":78}},"70":{"start":{"line":41,"column":79},"end":{"line":41,"column":85}},"71":{"start":{"line":42,"column":20},"end":{"line":42,"column":42}},"72":{"start":{"line":42,"column":30},"end":{"line":42,"column":42}},"73":{"start":{"line":43,"column":20},"end":{"line":43,"column":33}},"74":{"start":{"line":43,"column":34},"end":{"line":43,"column":43}},"75":{"start":{"line":45,"column":12},"end":{"line":45,"column":39}},"76":{"start":{"line":46,"column":22},"end":{"line":46,"column":34}},"77":{"start":{"line":46,"column":35},"end":{"line":46,"column":41}},"78":{"start":{"line":46,"column":54},"end":{"line":46,"column":64}},"79":{"start":{"line":47,"column":8},"end":{"line":47,"column":35}},"80":{"start":{"line":47,"column":23},"end":{"line":47,"column":35}},"81":{"start":{"line":47,"column":36},"end":{"line":47,"column":89}},"82":{"start":{"line":50,"column":0},"end":{"line":50,"column":62}},"83":{"start":{"line":51,"column":0},"end":{"line":51,"column":35}},"84":{"start":{"line":52,"column":17},"end":{"line":52,"column":36}},"85":{"start":{"line":53,"column":17},"end":{"line":53,"column":36}},"86":{"start":{"line":54,"column":24},"end":{"line":54,"column":52}},"87":{"start":{"line":55,"column":25},"end":{"line":55,"column":71}},"88":{"start":{"line":56,"column":39},"end":{"line":94,"column":3}},"89":{"start":{"line":58,"column":8},"end":{"line":58,"column":47}},"90":{"start":{"line":60,"column":4},"end":{"line":86,"column":6}},"91":{"start":{"line":61,"column":19},"end":{"line":61,"column":26}},"92":{"start":{"line":61,"column":36},"end":{"line":61,"column":44}},"93":{"start":{"line":61,"column":57},"end":{"line":61,"column":68}},"94":{"start":{"line":62,"column":8},"end":{"line":85,"column":11}},"95":{"start":{"line":64,"column":12},"end":{"line":84,"column":15}},"96":{"start":{"line":65,"column":16},"end":{"line":83,"column":17}},"97":{"start":{"line":66,"column":28},"end":{"line":66,"column":90}},"98":{"start":{"line":68,"column":24},"end":{"line":68,"column":54}},"99":{"start":{"line":69,"column":24},"end":{"line":71,"column":25}},"100":{"start":{"line":70,"column":28},"end":{"line":70,"column":74}},"101":{"start":{"line":72,"column":24},"end":{"line":72,"column":80}},"102":{"start":{"line":74,"column":24},"end":{"line":74,"column":49}},"103":{"start":{"line":75,"column":24},"end":{"line":79,"column":32}},"104":{"start":{"line":81,"column":24},"end":{"line":81,"column":41}},"105":{"start":{"line":82,"column":24},"end":{"line":82,"column":52}},"106":{"start":{"line":88,"column":4},"end":{"line":92,"column":26}},"107":{"start":{"line":93,"column":4},"end":{"line":93,"column":29}},"108":{"start":{"line":95,"column":0},"end":{"line":95,"column":46}}},"fnMap":{"0":{"name":"(anonymous_0)","decl":{"start":{"line":2,"column":46},"end":{"line":2,"column":47}},"loc":{"start":{"line":2,"column":87},"end":{"line":7,"column":1}},"line":2},"1":{"name":"(anonymous_1)","decl":{"start":{"line":8,"column":46},"end":{"line":8,"column":47}},"loc":{"start":{"line":8,"column":62},"end":{"line":10,"column":1}},"line":8},"2":{"name":"(anonymous_2)","decl":{"start":{"line":11,"column":40},"end":{"line":11,"column":41}},"loc":{"start":{"line":11,"column":73},"end":{"line":13,"column":1}},"line":11},"3":{"name":"(anonymous_3)","decl":{"start":{"line":12,"column":11},"end":{"line":12,"column":12}},"loc":{"start":{"line":12,"column":34},"end":{"line":12,"column":73}},"line":12},"4":{"name":"(anonymous_4)","decl":{"start":{"line":14,"column":44},"end":{"line":14,"column":45}},"loc":{"start":{"line":14,"column":89},"end":{"line":22,"column":1}},"line":14},"5":{"name":"adopt","decl":{"start":{"line":15,"column":13},"end":{"line":15,"column":18}},"loc":{"start":{"line":15,"column":26},"end":{"line":15,"column":112}},"line":15},"6":{"name":"(anonymous_6)","decl":{"start":{"line":15,"column":70},"end":{"line":15,"column":71}},"loc":{"start":{"line":15,"column":89},"end":{"line":15,"column":108}},"line":15},"7":{"name":"(anonymous_7)","decl":{"start":{"line":16,"column":36},"end":{"line":16,"column":37}},"loc":{"start":{"line":16,"column":63},"end":{"line":21,"column":5}},"line":16},"8":{"name":"fulfilled","decl":{"start":{"line":17,"column":17},"end":{"line":17,"column":26}},"loc":{"start":{"line":17,"column":34},"end":{"line":17,"column":99}},"line":17},"9":{"name":"rejected","decl":{"start":{"line":18,"column":17},"end":{"line":18,"column":25}},"loc":{"start":{"line":18,"column":33},"end":{"line":18,"column":102}},"line":18},"10":{"name":"step","decl":{"start":{"line":19,"column":17},"end":{"line":19,"column":21}},"loc":{"start":{"line":19,"column":30},"end":{"line":19,"column":118}},"line":19},"11":{"name":"(anonymous_11)","decl":{"start":{"line":23,"column":48},"end":{"line":23,"column":49}},"loc":{"start":{"line":23,"column":73},"end":{"line":49,"column":1}},"line":23},"12":{"name":"(anonymous_12)","decl":{"start":{"line":24,"column":30},"end":{"line":24,"column":31}},"loc":{"start":{"line":24,"column":41},"end":{"line":24,"column":83}},"line":24},"13":{"name":"(anonymous_13)","decl":{"start":{"line":25,"column":125},"end":{"line":25,"column":126}},"loc":{"start":{"line":25,"column":136},"end":{"line":25,"column":152}},"line":25},"14":{"name":"verb","decl":{"start":{"line":26,"column":13},"end":{"line":26,"column":17}},"loc":{"start":{"line":26,"column":21},"end":{"line":26,"column":70}},"line":26},"15":{"name":"(anonymous_15)","decl":{"start":{"line":26,"column":30},"end":{"line":26,"column":31}},"loc":{"start":{"line":26,"column":43},"end":{"line":26,"column":67}},"line":26},"16":{"name":"step","decl":{"start":{"line":27,"column":13},"end":{"line":27,"column":17}},"loc":{"start":{"line":27,"column":22},"end":{"line":48,"column":5}},"line":27},"17":{"name":"(anonymous_17)","decl":{"start":{"line":56,"column":39},"end":{"line":56,"column":40}},"loc":{"start":{"line":56,"column":51},"end":{"line":94,"column":1}},"line":56},"18":{"name":"CreateUserUseCase","decl":{"start":{"line":57,"column":13},"end":{"line":57,"column":30}},"loc":{"start":{"line":57,"column":48},"end":{"line":59,"column":5}},"line":57},"19":{"name":"(anonymous_19)","decl":{"start":{"line":60,"column":42},"end":{"line":60,"column":43}},"loc":{"start":{"line":60,"column":56},"end":{"line":86,"column":5}},"line":60},"20":{"name":"(anonymous_20)","decl":{"start":{"line":62,"column":47},"end":{"line":62,"column":48}},"loc":{"start":{"line":62,"column":59},"end":{"line":85,"column":9}},"line":62},"21":{"name":"(anonymous_21)","decl":{"start":{"line":64,"column":37},"end":{"line":64,"column":38}},"loc":{"start":{"line":64,"column":51},"end":{"line":84,"column":13}},"line":64}},"branchMap":{"0":{"loc":{"start":{"line":2,"column":17},"end":{"line":7,"column":1}},"type":"binary-expr","locations":[{"start":{"line":2,"column":18},"end":{"line":2,"column":22}},{"start":{"line":2,"column":26},"end":{"line":2,"column":41}},{"start":{"line":2,"column":46},"end":{"line":7,"column":1}}],"line":2},"1":{"loc":{"start":{"line":3,"column":34},"end":{"line":3,"column":125}},"type":"cond-expr","locations":[{"start":{"line":3,"column":42},"end":{"line":3,"column":48}},{"start":{"line":3,"column":51},"end":{"line":3,"column":125}}],"line":3},"2":{"loc":{"start":{"line":3,"column":51},"end":{"line":3,"column":125}},"type":"cond-expr","locations":[{"start":{"line":3,"column":67},"end":{"line":3,"column":118}},{"start":{"line":3,"column":121},"end":{"line":3,"column":125}}],"line":3},"3":{"loc":{"start":{"line":4,"column":4},"end":{"line":5,"column":150}},"type":"if","locations":[{"start":{"line":4,"column":4},"end":{"line":5,"column":150}},{"start":{"line":4,"column":4},"end":{"line":5,"column":150}}],"line":4},"4":{"loc":{"start":{"line":4,"column":8},"end":{"line":4,"column":77}},"type":"binary-expr","locations":[{"start":{"line":4,"column":8},"end":{"line":4,"column":35}},{"start":{"line":4,"column":39},"end":{"line":4,"column":77}}],"line":4},"5":{"loc":{"start":{"line":5,"column":58},"end":{"line":5,"column":150}},"type":"if","locations":[{"start":{"line":5,"column":58},"end":{"line":5,"column":150}},{"start":{"line":5,"column":58},"end":{"line":5,"column":150}}],"line":5},"6":{"loc":{"start":{"line":5,"column":85},"end":{"line":5,"column":149}},"type":"binary-expr","locations":[{"start":{"line":5,"column":86},"end":{"line":5,"column":143}},{"start":{"line":5,"column":148},"end":{"line":5,"column":149}}],"line":5},"7":{"loc":{"start":{"line":5,"column":86},"end":{"line":5,"column":143}},"type":"cond-expr","locations":[{"start":{"line":5,"column":94},"end":{"line":5,"column":98}},{"start":{"line":5,"column":101},"end":{"line":5,"column":143}}],"line":5},"8":{"loc":{"start":{"line":5,"column":101},"end":{"line":5,"column":143}},"type":"cond-expr","locations":[{"start":{"line":5,"column":109},"end":{"line":5,"column":126}},{"start":{"line":5,"column":129},"end":{"line":5,"column":143}}],"line":5},"9":{"loc":{"start":{"line":6,"column":11},"end":{"line":6,"column":62}},"type":"binary-expr","locations":[{"start":{"line":6,"column
[...]
ations":[{"start":{"line":30,"column":12},"end":{"line":30,"column":169}},{"start":{"line":30,"column":12},"end":{"line":30,"column":169}}],"line":30},"24":{"loc":{"start":{"line":30,"column":23},"end":{"line":30,"column":158}},"type":"binary-expr","locations":[{"start":{"line":30,"column":23},"end":{"line":30,"column":24}},{"start":{"line":30,"column":29},"end":{"line":30,"column":125}},{"start":{"line":30,"column":130},"end":{"line":30,"column":158}}],"line":30},"25":{"loc":{"start":{"line":30,"column":33},"end":{"line":30,"column":125}},"type":"cond-expr","locations":[{"start":{"line":30,"column":45},"end":{"line":30,"column":56}},{"start":{"line":30,"column":59},"end":{"line":30,"column":125}}],"line":30},"26":{"loc":{"start":{"line":30,"column":59},"end":{"line":30,"column":125}},"type":"cond-expr","locations":[{"start":{"line":30,"column":67},"end":{"line":30,"column":116}},{"start":{"line":30,"column":119},"end":{"line":30,"column":125}}],"line":30},"27":{"loc":{"start":{"line":30,"column":67},"end":{"line":30,"column":116}},"type":"binary-expr","locations":[{"start":{"line":30,"column":67},"end":{"line":30,"column":77}},{"start":{"line":30,"column":82},"end":{"line":30,"column":115}}],"line":30},"28":{"loc":{"start":{"line":30,"column":82},"end":{"line":30,"column":112}},"type":"binary-expr","locations":[{"start":{"line":30,"column":83},"end":{"line":30,"column":98}},{"start":{"line":30,"column":103},"end":{"line":30,"column":112}}],"line":30},"29":{"loc":{"start":{"line":31,"column":12},"end":{"line":31,"column":52}},"type":"if","locations":[{"start":{"line":31,"column":12},"end":{"line":31,"column":52}},{"start":{"line":31,"column":12},"end":{"line":31,"column":52}}],"line":31},"30":{"loc":{"start":{"line":32,"column":12},"end":{"line":44,"column":13}},"type":"switch","locations":[{"start":{"line":33,"column":16},"end":{"line":33,"column":23}},{"start":{"line":33,"column":24},"end":{"line":33,"column":46}},{"start":{"line":34,"column":16},"end":{"line":34,"column":72}},{"start":{"line":35,"column":16},"end":{"line":35,"column":65}},{"start":{"line":36,"column":16},"end":{"line":36,"column":65}},{"start":{"line":37,"column":16},"end":{"line":43,"column":43}}],"line":32},"31":{"loc":{"start":{"line":38,"column":20},"end":{"line":38,"column":128}},"type":"if","locations":[{"start":{"line":38,"column":20},"end":{"line":38,"column":128}},{"start":{"line":38,"column":20},"end":{"line":38,"column":128}}],"line":38},"32":{"loc":{"start":{"line":38,"column":24},"end":{"line":38,"column":106}},"type":"binary-expr","locations":[{"start":{"line":38,"column":24},"end":{"line":38,"column":74}},{"start":{"line":38,"column":79},"end":{"line":38,"column":90}},{"start":{"line":38,"column":94},"end":{"line":38,"column":105}}],"line":38},"33":{"loc":{"start":{"line":38,"column":42},"end":{"line":38,"column":73}},"type":"binary-expr","locations":[{"start":{"line":38,"column":42},"end":{"line":38,"column":54}},{"start":{"line":38,"column":58},"end":{"line":38,"column":73}}],"line":38},"34":{"loc":{"start":{"line":39,"column":20},"end":{"line":39,"column":106}},"type":"if","locations":[{"start":{"line":39,"column":20},"end":{"line":39,"column":106}},{"start":{"line":39,"column":20},"end":{"line":39,"column":106}}],"line":39},"35":{"loc":{"start":{"line":39,"column":24},"end":{"line":39,"column":77}},"type":"binary-expr","locations":[{"start":{"line":39,"column":24},"end":{"line":39,"column":35}},{"start":{"line":39,"column":40},"end":{"line":39,"column":42}},{"start":{"line":39,"column":47},"end":{"line":39,"column":59}},{"start":{"line":39,"column":63},"end":{"line":39,"column":75}}],"line":39},"36":{"loc":{"start":{"line":40,"column":20},"end":{"line":40,"column":89}},"type":"if","locations":[{"start":{"line":40,"column":20},"end":{"line":40,"column":89}},{"start":{"line":40,"column":20},"end":{"line":40,"column":89}}],"line":40},"37":{"loc":{"start":{"line":40,"column":24},"end":{"line":40,"column":53}},"type":"binary-expr","locations":[{"start":{"line":40,"column":24},"end":{"line":40,"column":35}},{"start":{"line":40,"column":39},"end":{"line":40,"column":53}}],"line":40},"38":{"loc":{"start":{"line":41,"column":20},"end":{"line":41,"column":87}},"type":"if","locations":[{"start":{"line":41,"column":20},"end":{"line":41,"column":87}},{"start":{"line":41,"column":20},"end":{"line":41,"column":87}}],"line":41},"39":{"loc":{"start":{"line":41,"column":24},"end":{"line":41,"column":43}},"type":"binary-expr","locations":[{"start":{"line":41,"column":24},"end":{"line":41,"column":25}},{"start":{"line":41,"column":29},"end":{"line":41,"column":43}}],"line":41},"40":{"loc":{"start":{"line":42,"column":20},"end":{"line":42,"column":42}},"type":"if","locations":[{"start":{"line":42,"column":20},"end":{"line":42,"column":42}},{"start":{"line":42,"column":20},"end":{"line":42,"column":42}}],"line":42},"41":{"loc":{"start":{"line":47,"column":8},"end":{"line":47,"column":35}},"type":"if","locations":[{"start":{"line":47,"column":8},"end":{"line":47,"column":35}},{"start":{"line":47,"column":8},"end":{"line":47,"column":35}}],"line":47},"42":{"loc":{"start":{"line":47,"column":52},"end":{"line":47,"column":74}},"type":"cond-expr","locations":[{"start":{"line":47,"column":60},"end":{"line":47,"column":65}},{"start":{"line":47,"column":68},"end":{"line":47,"column":74}}],"line":47},"43":{"loc":{"start":{"line":65,"column":16},"end":{"line":83,"column":17}},"type":"switch","locations":[{"start":{"line":66,"column":20},"end":{"line":66,"column":90}},{"start":{"line":67,"column":20},"end":{"line":72,"column":80}},{"start":{"line":73,"column":20},"end":{"line":79,"column":32}},{"start":{"line":80,"column":20},"end":{"line":82,"column":52}}],"line":65},"44":{"loc":{"start":{"line":69,"column":24},"end":{"line":71,"column":25}},"type":"if","locations":[{"start":{"line":69,"column":24},"end":{"line":71,"column":25}},{"start":{"line":69,"column":24},"end":{"line":71,"column":25}}],"line":69},"45":{"loc":{"start":{"line":91,"column":41},"end":{"line":91,"column":181}},"type":"cond-expr","locations":[{"start":{"line":91,"column":170},"end":{"line":91,"column":172}},{"start":{"line":91,"column":175},"end":{"line":91,"column":181}}],"line":91},"46":{"loc":{"start":{"line":91,"column":54},"end":{"line":91,"column":151}},"type":"binary-expr","locations":[{"start":{"line":91,"column":54},"end":{"line":91,"column":112}},{"start":{"line":91,"column":116},"end":{"line":91,"column":151}}],"line":91}},"s":{"0":1,"1":1,"2":1,"3":1,"4":1,"5":0,"6":0,"7":0,"8":0,"9":1,"10":1,"11":1,"12":1,"13":1,"14":1,"15":1,"16":1,"17":0,"18":0,"19":0,"20":0,"21":0,"22":0,"23":0,"24":0,"25":0,"26":0,"27":0,"28":1,"29":0,"30":0,"31":0,"32":0,"33":0,"34":0,"35":0,"36":0,"37":0,"38":0,"39":0,"40":0,"41":0,"42":0,"43":0,"44":0,"45":0,"46":0,"47":0,"48":0,"49":0,"50":0,"51":0,"52":0,"53":0,"54":0,"55":0,"56":0,"57":0,"58":0,"59":0,"60":0,"61":0,"62":0,"63":0,"64":0,"65":0,"66":0,"67":0,"68":0,"69":0,"70":0,"71":0,"72":0,"73":0,"74":0,"75":0,"76":0,"77":0,"78":0,"79":0,"80":0,"81":0,"82":1,"83":1,"84":1,"85":1,"86":1,"87":1,"88":1,"89":1,"90":1,"91":0,"92":0,"93":0,"94":0,"95":0,"96":0,"97":0,"98":0,"99":0,"100":0,"101":0,"102":0,"103":0,"104":0,"105":0,"106":1,"107":1,"108":1},"f":{"0":1,"1":1,"2":1,"3":1,"4":0,"5":0,"6":0,"7":0,"8":0,"9":0,"10":0,"11":0,"12":0,"13":0,"14":0,"15":0,"16":0,"17":1,"18":1,"19":0,"20":0,"21":0},"b":{"0":[1,1,1],"1":[1,0],"2":[0,0],"3":[1,0],"4":[1,1],"5":[0,0],"6":[0,0],"7":[0,0],"8":[0,0],"9":[1,0,0],"10":[1,1,1],"11":[1,0],"12":[1,1],"13":[1,1,1],"14":[1,1,1],"15":[0,0],"16":[0,0],"17":[0,0],"18":[0,0],"19":[1,1,1],"20":[0,0],"21":[0,0],"22":[0,0],"23":[0,0],"24":[0,0,0],"25":[0,0],"26":[0,0],"27":[0,0],"28":[0,0],"29":[0,0],"30":[0,0,0,0,0,0],"31":[0,0],"32":[0,0,0],"33":[0,0],"34":[0,0],"35":[0,0,0,0],"36":[0,0],"37":[0,0],"38":[0,0],"39":[0,0],"40":[0,0],"41":[0,0],"42":[0,0],"43":[0,0,0,0],"44":[0,0],"45":[0,1],"46":[1,0]},"inputSourceMap":{"version":3,"file":"/home/ricardo/projects/ignite/node/ignite-template-tests-challenge/src/modules/users/useCases/createUser/CreateUserUseCase.ts","sources":["/home/ricardo/projects/ignite/node/ignite-template-tests-challenge/src/modules/users/useCases/createUser/CreateUserUseCase.ts"],"names":[],"mappings":";;;;;;;;;;;;;;;;;;;;;;;;;;;;;;;;;;;;;;;;;;;;;;;;;;;AAAA,qCAA8C;AAC9C,qCAAgC;AAEhC,qDAAoD;AAEpD,wEAAuE;AAIvE;IACE,2BAEU,eAAiC;QAAjC,oBAAe,GAAf,eAAe,CAAkB;IACxC,CAAC;IAEE,mCAAO,GAAb,UAAc,EAAyC;YAAvC,IAAI,UAAA,EAAE,KAAK,WAAA,EAAE,QAAQ,cAAA;;;;;4BACT,qBAAM,IAAI,CAAC,eAAe,CAAC,WAAW,CAAC,KAAK,CAAC,EAAA;;wBAAjE,iBAAiB,GAAG,SAA6C;wBAEvE,IAAI,iBAAiB,EAAE;4BACrB,MAAM,IAAI,iCAAe,EAAE,CAAC;yBAC7B;wBAEoB,qBAAM,IAAA,eAAI,EAAC,QAAQ,EAAE,CAAC,CAAC,EAAA;;wBAAtC,YAAY,GAAG,SAAuB;wBAE/B,qBAAM,IAAI,CAAC,eAAe,CAAC,MAAM,CAAC;gCAC7C,KAAK,OAAA;gCACL,IAAI,MAAA;gCACJ,QAAQ,EAAE,YAAY;6BACvB,CAAC,EAAA;;wBAJI,IAAI,GAAG,SAIX;wBAEF,sBAAO,IAAI,EAAC;;;;KACb;;IAtBU,iBAAiB;QAD7B,IAAA,qBAAU,GAAE;QAGR,WAAA,IAAA,iBAAM,EAAC,iBAAiB,CAAC,CAAA;6DACD,mCAAgB,oBAAhB,mCAAgB;OAHhC,iBAAiB,CAuB7B;IAAD,wBAAC;CAAA,AAvBD,IAuBC;AAvBY,8CAAiB","sourcesContent":["import { inject, injectable } from \"tsyringe\";\nimport { hash } from 'bcryptjs';\n\nimport { CreateUserError } from \"./CreateUserError\";\n\nimport { IUsersRepository } from \"../../repositories/IUsersRepository\";\nimport { ICreateUserDTO } from \"./ICreateUserDTO\";\n\n@injectable()\nexport class CreateUserUseCase {\n  constructor(\n    @inject('UsersRepository')\n    private usersRepository: IUsersRepository,\n  ) {}\n\n  async execute({ name, email, password }: ICreateUserDTO) {\n    const userAlreadyExists = await this.usersRepository.findByEmail(email);\n\n    if (userAlreadyExists) {\n      throw new CreateUserError();\n    }\n\n    const passwordHash = await hash(password, 8);\n\n    const user = await this.usersRepository.create({\n      email,\n      name,\n      password: passwordHash,\n    });\n\n    return user;\n  }\n}\n"]},"_coverageSchema":"1a1c01bbd47fc00a2c39e90264f33305004495a9","hash":"f7541e42c30354f90ceda5e3691f4812d44a1c6d","contentHash":"9acfe325e3423b51094ba0d21f39fdfa35659da2d7d1109ecdcc8e960ae67f54"},"/home/ricardo/projects/ignite/node/ignite-template-tests-challenge/src/modules/users/useCases/createUser/CreateUserError.ts":{"path":"/home/ricardo/projects/ignite/node/ignite-template-tests-challenge/src/modules/users/useCases/createUser/CreateUserError.ts","statementMap":{"0":{"start":{"line":2,"column":16},"end":{"line":16,"column":4}},"1":{"start":{"line":3,"column":24},"end":{"line":8,"column":5}},"2":{"start":{"line":4,"column":8},"end":{"line":6,"column":110}},"3":{"start":{"line":5,"column":69},"end":{"line":5,"column":85}},"4":{"start":{"line":6,"column":30},"end":{"line":6,"column":107}},"5":{"start":{"line":6,"column":47},"end":{"line":6,"column":107}},"6":{"start":{"line":6,"column":95},"end":{"line":6,"column":107}},"7":{"start":{"line":7,"column":8},"end":{"line":7,"column":35}},"8":{"start":{"line":9,"column":4},"end":{"line":15,"column":6}},"9":{"start":{"line":10,"column":8},"end":{"line":11,"column":102}},"10":{"start":{"line":11,"column":12},"end":{"line":11,"column":102}},"11":{"start":{"line":12,"column":8},"end":{"line":12,"column":28}},"12":{"start":{"line":13,"column":24},"end":{"line":13,"column":45}},"13":{"start":{"line":14,"column":8},"end":{"line":14,"column":93}},"14":{"start":{"line":17,"column":0},"end":{"line":17,"column":62}},"15":{"start":{"line":18,"column":0},"end":{"line":18,"column":33}},"16":{"start":{"line":19,"column":17},"end":{"line":19,"column":62}},"17":{"start":{"line":20,"column":37},"end":{"line":26,"column":22}},"18":{"start":{"line":21,"column":4},"end":{"line":21,"column":39}},"19":{"start":{"line":23,"column":8},"end":{"line":23,"column":64}},"20":{"start":{"line":25,"column":4},"end":{"line":25,"column":27}},"21":{"start":{"line":27,"column":0},"end":{"line":27,"column":42}}},"fnMap":{"0":{"name":"(anonymous_0)","decl":{"start":{"line":2,"column":45},"end":{"line":2,"column":46}},"loc":{"start":{"line":2,"column":57},"end":{"line":16,"column":1}},"line":2},"1":{"name":"(anonymous_1)","decl":{"start":{"line":3,"column":24},"end":{"line":3,"column":25}},"loc":{"start":{"line":3,"column":40},"end":{"line":8,"column":5}},"line":3},"2":{"name":"(anonymous_2)","decl":{"start":{"line":5,"column":51},"end":{"line":5,"column":52}},"loc":{"start":{"line":5,"column":67},"end":{"line":5,"column":87}},"line":5},"3":{"name":"(anonymous_3)","decl":{"start":{"line":6,"column":12},"end":{"line":6,"column":13}},"loc":{"start":{"line":6,"column":28},"end":{"line":6,"column":109}},"line":6},"4":{"name":"(anonymous_4)","decl":{"start":{"line":9,"column":11},"end":{"line":9,"column":12}},"loc":{"start":{"line":9,"column":27},"end":{"line":15,"column":5}},"line":9},"5":{"name":"__","decl":{"start":{"line":13,"column":17},"end":{"line":13,"column":19}},"loc":{"start":{"line":13,"column":22},"end":{"line":13,"column":47}},"line":13},"6":{"name":"(anonymous_6)","decl":{"start":{"line":20,"column":37},"end":{"line":20,"column":38}},"loc":{"start":{"line":20,"column":55},"end":{"line":26,"column":1}},"line":20},"7":{"name":"CreateUserError","decl":{"start":{"line":22,"column":13},"end":{"line":22,"column":28}},"loc":{"start":{"line":22,"column":31},"end":{"line":24,"column":5}},"line":22}},"branchMap":{"0":{"loc":{"start":{"line":2,"column":16},"end":{"line":16,"column":4}},"type":"binary-expr","locations":[{"start":{"line":2,"column":17},"end":{"line":2,"column":21}},{"start":{"line":2,"column":25},"end":{"line":2,"column":39}},{"start":{"line":2,"column":44},"end":{"line":16,"column":4}}],"line":2},"1":{"loc":{"start":{"line":4,"column":24},"end":{"line":6,"column":109}},"type":"binary-expr","locations":[{"start":{"line":4,"column":24},"end":{"line":4,"column":45}},{"start":{"line":5,"column":13},"end":{"line":5,"column":47}},{"start":{"line":5,"column":51},"end":{"line":5,"column":87}},{"start":{"line":6,"column":12},"end":{"line":6,"column":109}}],"line":4},"2":{"loc":{"start":{"line":6,"column":47},"end":{"line":6,"column":107}},"type":"if","locations":[{"start":{"line":6,"column":47},"end":{"line":6,"column":107}},{"start":{"line":6,"column":47},"end":{"line":6,"column":107}}],"line":6},"3":{"loc":{"start":{"line":10,"column":8},"end":{"line":11,"column":102}},"type":"if","locations":[{"start":{"line":10,"column":8},"end":{"line":11,"column":102}},{"start":{"line":10,"column":8},"end":{"line":11,"column":102}}],"line":10},"4":{"loc":{"start":{"line":10,"column":12},"end":{"line":10,"column":49}},"type":"binary-expr","locations":[{"start":{"line":10,"column":12},"end":{"line":10,"column":35}},{"start":{"line":10,"column":39},"end":{"line":10,"column":49}}],"line":10},"5":{"loc":{"start":{"line":14,"column":22},"end":{"line":14,"column":92}},"type":"cond-expr","locations":[{"start":{"line":14,"column":35},"end":{"line":14,"column":51}},{"start":{"line":14,"column":55},"end":{"line":14,"column":91}}],"line":14},"6":{"loc":{"start":{"line":23,"column":15},"end":{"line":23,"column":63}},"type":"binary-expr","locations":[{"start":{"line":23,"column":15},"end":{"line":23,"column":55}},{"start":{"line":23,"column":59},"end":{"line":23,"column":63}}],"line":23}},"s":{"0":1,"1":1,"2":1,"3":0,"4":0,"5":0,"6":0,"7":1,"8":1,"9":1,"10":0,"11":1,"12":1,"13":1,"14":1,"15":1,"16":1,"17":1,"18":1,"19":0,"20":1,"21":1},"f":{"0":1,"1":1,"2":0,"3":0,"4":1,"5":1,"6":1,"7":0},"b":{"0":[1,1,1],"1":[1,0,0,0],"2":[0,0],"3":[0,1],"4":[1,0],"5":[0,1],"6":[0,0]},"inputSourceMap":{"version":3,"file":"/home/ricardo/projects/ignite/node/ignite-template-tests-challenge/src/modules/users/useCases/createUser/CreateUserError.ts","sources":["/home/ricardo/projects/ignite/node/ignite-template-tests-challenge/src/modules/users/useCases/createUser/CreateUserError.ts"],"names":[],"mappings":";;;;;;;;;;;;;;;;;;AAAA,+DAA8D;AAE9D;IAAqC,mCAAQ;IAC3C;eACE,kBAAM,qBAAqB,CAAC;IAC9B,CAAC;IACH,sBAAC;AAAD,CAAC,AAJD,CAAqC,mBAAQ,GAI5C;AAJY,0CAAe","sourcesContent":["import { AppError } from \"../../../../shared/errors/AppError\";\n\nexport class CreateUserError extends AppError {\n  constructor() {\n    super('User already exists');\n  }\n}\n"]},"_coverageSchema":"1a1c01bbd47fc00a2c39e90264f33305004495a9","hash":"d1505fffe7da969283e668f5a38fe0ceecbdde0e","contentHash":"f78ad703cb4b9ed2b43b572137ccc55e3c9f71982347d1a9a4642eb2ccdb3501"},"/home/ricardo/projects/ignite/node/ignite-template-tests-challenge/src/shared/errors/AppError.ts":{"path":"/home/ricardo/projects/ignite/node/ignite-template-tests-challenge/src/shared/errors/AppError.ts","statementMap":{"0":{"start":{"line":2,"column":0},"end":{"line":2,"column":62}},"1":{"start":{"line":3,"column":0},"end":{"line":3,"column":26}},"2":{"start":{"line":4,"column":30},"end":{"line":11,"column":3}},"3":{"start":{"line":6,"column":8},"end":{"line":6,"column":56}},"4":{"start":{"line":6,"column":37},"end":{"line":6,"column":54}},"5":{"start":{"line":7,"column":8},"end":{"line":7,"column":31}},"6":{"start":{"line":8,"column":8},"end":{"line":8,"column":37}},"7":{"start":{"line":10,"column":4},"end":{"line":10,"column":20}},"8":{"start":{"line":12,"column":0},"end":{"line":12,"column":28}}},"fnMap":{"0":{"name":"(anonymous_0)","decl":{"start":{"line":4,"column":30},"end":{"line":4,"column":31}},"loc":{"start":{"line":4,"column":42},"end":{"line":11,"column":1}},"line":4},"1":{"name":"AppError","decl":{"start":{"line":5,"column":13},"end":{"line":5,"column":21}},"loc":{"start":{"line":5,"column":43},"end":{"line":9,"column":5}},"line":5}},"branchMap":{"0":{"loc":{"start":{"line":6,"column":8},"end":{"line":6,"column":56}},"type":"if","locations":[{"start":{"line":6,"column":8},"end":{"line":6,"column":56}},{"start":{"line":6,"column":8},"end":{"line":6,"column":56}}],"line":6}},"s":{"0":1,"1":1,"2":1,"3":0,"4":0,"5":0,"6":0,"7":1,"8":1},"f":{"0":1,"1":0},"b":{"0":[0,0]},"inputSourceMap":{"version":3,"file":"/home/ricardo/projects/ignite/node/ignite-template-tests-challenge/src/shared/errors/AppError.ts","sources":["/home/ricardo/projects/ignite/node/ignite-template-tests-challenge/src/shared/errors/AppError.ts"],"names":[],"mappings":";;;AAAA;IAKE,kBAAY,OAAe,EAAE,UAAgB;QAAhB,2BAAA,EAAA,gBAAgB;QAC3C,IAAI,CAAC,OAAO,GAAG,OAAO,CAAC;QACvB,IAAI,CAAC,UAAU,GAAG,UAAU,CAAC;IAC/B,CAAC;IACH,eAAC;AAAD,CAAC,AATD,IASC;AATY,4BAAQ","sourcesContent":["export class AppError {\n  readonly message: string;\n\n  readonly statusCode: number;\n\n  constructor(message: string, statusCode = 400) {\n    this.message = message;\n    this.statusCode = statusCode;\n  }\n}\n"]},"_coverageSchema":"1a1c01bbd47fc00a2c39e90264f33305004495a9","hash":"64b0803381010de052b3e2adc3ff49be83e5e018","contentHash":"befbb18942d45a5e9f93eaa9562f2ff509c51c72072667957bbabfa1f5a9efd2"},"/home/ricardo/projects/ignite/node/ignite-template-tests-challenge/src/modules/users/repositories/IUsersRepository.ts":{"path":"/home/ricardo/projects/ignite/node/ignite-template-tests-challenge/src/modules/users/repositories/IUsersRepository.ts","statementMap":{"0":{"start":{"line":2,"column":0},"end":{"line":2,"column":62}}},"fnMap":{},"branchMap":{},"s":{"0":1},"f":{},"b":{},"inputSourceMap":{"version":3,"file":"/home/ricardo/projects/ignite/node/ignite-template-tests-challenge/src/modules/users/repositories/IUsersRepository.ts","sources":["/home/ricardo/projects/ignite/node/ignite-template-tests-challenge/src/modules/users/repositories/IUsersRepository.ts"],"names":[],"mappings":"","sourcesContent":["import { User } from '../entities/User';\nimport { ICreateUserDTO } from '../useCases/createUser/ICreateUserDTO';\n\nexport interface IUsersRepository {\n  create: (data: ICreateUserDTO) => Promise<User>;\n  findByEmail: (email: string) => Promise<User | undefined>;\n  findById: (user_id: string) => Promise<User | undefined>;\n}\n"]},"_coverageSchema":"1a1c01bbd47fc00a2c39e90264f33305004495a9","hash":"8a1f797f7f4e184fefdcb09a5c2a2fd6a35d277b","contentHash":"97d0b6af6981c16ccf184539d4ebe080383be111fbe941153c6f1af52d2319db"}}